1. Thư mục log: log_fedmia/iid/cicmaldroid_K10_N5000_mlp_defnone_iid$1_$1_$sgd_local5_s21052025
2. Chế độ tấn công: mix
3. Định dạng các file model: log_fedmia/iid/cicmaldroid_K10_N5000_mlp_defnone_iid$1_$1_$sgd_local5_s21052025/client_{}_losses_epoch{}.pkl
4. Thư mục gốc: log_fedmia/iid
5. Cách xử lý loss: none
8. Số lượng client trong mô hình bóng: 9
9. Seed: 12345
10. Model được sử dụng: mlp

---> Attacking...

==================== Attack at epoch 10 ====================

<----------- FedMIA Attack Result (mode cos) ----------->

---> True positive rate at different false positive rate: {'10': 1.0, '1': 1.0, '0.1': 0.1553398058252427, '0.02': 0.104638619201726, '0.01': 0.05177993527508091, '0.001': 0.005393743257820928, '0.0001': 0.0010787486515641855}
---> Log AUC: 0.6480

<----------- FedMIA Attack Result (mode loss) ----------->

---> True positive rate at different false positive rate: {'10': 1.0, '1': 1.0, '0.1': 0.49838187702265374, '0.02': 0.32793959007551243, '0.01': 0.2664509169363538, '0.001': 0.133764832793959, '0.0001': 0.08198489751887811}
---> Log AUC: 0.8637

<----------- Common Attack Result (cosine attack) ----------->

---> True positive rate at different false positive rate: {'10': 1.0, '1': 1.0, '0.1': 0.11326860841423948, '0.02': 0.02912621359223301, '0.01': 0.018338727076591153, '0.001': 0.0, '0.0001': 0.0}
---> Log AUC: 0.3997

<----------- Common Attack Result (grad diff) ----------->

---> True positive rate at different false positive rate: {'10': 1.0, '1': 0.9989212513484358, '0.1': 0.08629989212513485, '0.02': 0.012944983818770227, '0.01': 0.009708737864077669, '0.001': 0.002157497303128371, '0.0001': 0.002157497303128371}
---> Log AUC: 0.6038

<----------- Common Attack Result (loss based) ----------->

---> True positive rate at different false positive rate: {'10': 1.0, '1': 1.0, '0.1': 0.08845738942826321, '0.02': 0.011866235167206042, '0.01': 0.007551240560949299, '0.001': 0.003236245954692557, '0.0001': 0.002157497303128371}
---> Log AUC: 0.6043

<----------- Common Attack Result (grad norm) ----------->

---> True positive rate at different false positive rate: {'10': 1.0, '1': 0.9989212513484358, '0.1': 0.08414239482200647, '0.02': 0.011866235167206042, '0.01': 0.008629989212513484, '0.001': 0.0, '0.0001': 0.0}
---> Log AUC: 0.3749

==================== Attack at epoch 20 ====================

<----------- FedMIA Attack Result (mode cos) ----------->

---> True positive rate at different false positive rate: {'10': 1.0, '1': 1.0, '0.1': 0.11758360302049622, '0.02': 0.03344120819848975, '0.01': 0.025889967637540454, '0.001': 0.0, '0.0001': 0.0}
---> Log AUC: 0.4490

<----------- FedMIA Attack Result (mode loss) ----------->

---> True positive rate at different false positive rate: {'10': 1.0, '1': 1.0, '0.1': 0.5458468176914779, '0.02': 0.28802588996763756, '0.01': 0.21143473570658036, '0.001': 0.05285868392664509, '0.0001': 0.038834951456310676}
---> Log AUC: 0.8271

<----------- Common Attack Result (cosine attack) ----------->

---> True positive rate at different false positive rate: {'10': 1.0, '1': 1.0, '0.1': 0.1272923408845739, '0.02': 0.02481121898597627, '0.01': 0.016181229773462782, '0.001': 0.006472491909385114, '0.0001': 0.0010787486515641855}
---> Log AUC: 0.6096

<----------- Common Attack Result (grad diff) ----------->

---> True positive rate at different false positive rate: {'10': 1.0, '1': 0.9989212513484358, '0.1': 0.0970873786407767, '0.02': 0.015102481121898598, '0.01': 0.005393743257820928, '0.001': 0.0, '0.0001': 0.0}
---> Log AUC: 0.3680

<----------- Common Attack Result (loss based) ----------->

---> True positive rate at different false positive rate: {'10': 1.0, '1': 1.0, '0.1': 0.10140237324703344, '0.02': 0.022653721682847898, '0.01': 0.006472491909385114, '0.001': 0.0010787486515641855, '0.0001': 0.0010787486515641855}
---> Log AUC: 0.5697

<----------- Common Attack Result (grad norm) ----------->

---> True positive rate at different false positive rate: {'10': 1.0, '1': 0.9989212513484358, '0.1': 0.10032362459546926, '0.02': 0.018338727076591153, '0.01': 0.004314994606256742, '0.001': 0.0, '0.0001': 0.0}
---> Log AUC: 0.4060

==================== Attack at epoch 30 ====================

<----------- FedMIA Attack Result (mode cos) ----------->

---> True positive rate at different false positive rate: {'10': 1.0, '1': 1.0, '0.1': 0.1499460625674218, '0.02': 0.016181229773462782, '0.01': 0.002157497303128371, '0.001': 0.0010787486515641855, '0.0001': 0.0}
---> Log AUC: 0.4989

<----------- FedMIA Attack Result (mode loss) ----------->

---> True positive rate at different false positive rate: {'10': 1.0, '1': 1.0, '0.1': 0.31283710895361383, '0.02': 0.21359223300970873, '0.01': 0.1866235167206041, '0.001': 0.09600862998921252, '0.0001': 0.09385113268608414}
---> Log AUC: 0.8451

<----------- Common Attack Result (cosine attack) ----------->

---> True positive rate at different false positive rate: {'10': 1.0, '1': 0.9989212513484358, '0.1': 0.1348435814455232, '0.02': 0.02696871628910464, '0.01': 0.005393743257820928, '0.001': 0.0010787486515641855, '0.0001': 0.0010787486515641855}
---> Log AUC: 0.5842

<----------- Common Attack Result (grad diff) ----------->

---> True positive rate at different false positive rate: {'10': 1.0, '1': 0.9989212513484358, '0.1': 0.09277238403451996, '0.02': 0.022653721682847898, '0.01': 0.007551240560949299, '0.001': 0.002157497303128371, '0.0001': 0.0}
---> Log AUC: 0.4352

<----------- Common Attack Result (loss based) ----------->

---> True positive rate at different false positive rate: {'10': 1.0, '1': 1.0, '0.1': 0.10355987055016182, '0.02': 0.023732470334412083, '0.01': 0.005393743257820928, '0.001': 0.0010787486515641855, '0.0001': 0.0010787486515641855}
---> Log AUC: 0.5690

<----------- Common Attack Result (grad norm) ----------->

---> True positive rate at different false positive rate: {'10': 1.0, '1': 0.9989212513484358, '0.1': 0.0895361380798274, '0.02': 0.020496224379719527, '0.01': 0.004314994606256742, '0.001': 0.0, '0.0001': 0.0}
---> Log AUC: 0.3980

==================== Attack at epoch 40 ====================

<----------- FedMIA Attack Result (mode cos) ----------->

---> True positive rate at different false positive rate: {'10': 1.0, '1': 1.0, '0.1': 0.15857605177993528, '0.02': 0.034519956850053934, '0.01': 0.020496224379719527, '0.001': 0.002157497303128371, '0.0001': 0.0}
---> Log AUC: 0.5460

<----------- FedMIA Attack Result (mode loss) ----------->

---> True positive rate at different false positive rate: {'10': 1.0, '1': 1.0, '0.1': 0.3635382955771305, '0.02': 0.2513484358144552, '0.01': 0.21251348435814454, '0.001': 0.10355987055016182, '0.0001': 0.06903991370010787}
---> Log AUC: 0.8455

<----------- Common Attack Result (cosine attack) ----------->

---> True positive rate at different false positive rate: {'10': 1.0, '1': 1.0, '0.1': 0.1111111111111111, '0.02': 0.02481121898597627, '0.01': 0.011866235167206042, '0.001': 0.0010787486515641855, '0.0001': 0.0}
---> Log AUC: 0.4668

<----------- Common Attack Result (grad diff) ----------->

---> True positive rate at different false positive rate: {'10': 1.0, '1': 0.9989212513484358, '0.1': 0.09277238403451996, '0.02': 0.018338727076591153, '0.01': 0.010787486515641856, '0.001': 0.002157497303128371, '0.0001': 0.0010787486515641855}
---> Log AUC: 0.5959

<----------- Common Attack Result (loss based) ----------->

---> True positive rate at different false positive rate: {'10': 1.0, '1': 1.0, '0.1': 0.09277238403451996, '0.02': 0.022653721682847898, '0.01': 0.008629989212513484, '0.001': 0.0010787486515641855, '0.0001': 0.0}
---> Log AUC: 0.5107

<----------- Common Attack Result (grad norm) ----------->

---> True positive rate at different false positive rate: {'10': 1.0, '1': 0.9989212513484358, '0.1': 0.08737864077669903, '0.02': 0.020496224379719527, '0.01': 0.009708737864077669, '0.001': 0.0010787486515641855, '0.0001': 0.0}
---> Log AUC: 0.4463

==================== Attack at epoch 50 ====================

<----------- FedMIA Attack Result (mode cos) ----------->

---> True positive rate at different false positive rate: {'10': 1.0, '1': 1.0, '0.1': 0.1704422869471413, '0.02': 0.06256742179072276, '0.01': 0.025889967637540454, '0.001': 0.0010787486515641855, '0.0001': 0.0010787486515641855}
---> Log AUC: 0.6125

<----------- FedMIA Attack Result (mode loss) ----------->

---> True positive rate at different false positive rate: {'10': 1.0, '1': 1.0, '0.1': 0.30097087378640774, '0.02': 0.19201725997842503, '0.01': 0.15318230852211434, '0.001': 0.10571736785329018, '0.0001': 0.05285868392664509}
---> Log AUC: 0.8263

<----------- Common Attack Result (cosine attack) ----------->

---> True positive rate at different false positive rate: {'10': 1.0, '1': 1.0, '0.1': 0.1348435814455232, '0.02': 0.02696871628910464, '0.01': 0.014023732470334413, '0.001': 0.0010787486515641855, '0.0001': 0.0}
---> Log AUC: 0.4536

<----------- Common Attack Result (grad diff) ----------->

---> True positive rate at different false positive rate: {'10': 1.0, '1': 1.0, '0.1': 0.09924487594390508, '0.02': 0.021574973031283712, '0.01': 0.011866235167206042, '0.001': 0.002157497303128371, '0.0001': 0.0010787486515641855}
---> Log AUC: 0.5940

<----------- Common Attack Result (loss based) ----------->

---> True positive rate at different false positive rate: {'10': 1.0, '1': 1.0, '0.1': 0.10248112189859762, '0.02': 0.016181229773462782, '0.01': 0.006472491909385114, '0.001': 0.0, '0.0001': 0.0}
---> Log AUC: 0.3998

<----------- Common Attack Result (grad norm) ----------->

---> True positive rate at different false positive rate: {'10': 1.0, '1': 1.0, '0.1': 0.09924487594390508, '0.02': 0.018338727076591153, '0.01': 0.005393743257820928, '0.001': 0.0, '0.0001': 0.0}
---> Log AUC: 0.3820

==================== Attack at epoch 60 ====================

<----------- FedMIA Attack Result (mode cos) ----------->

---> True positive rate at different false positive rate: {'10': 1.0, '1': 1.0, '0.1': 0.209277238403452, '0.02': 0.038834951456310676, '0.01': 0.021574973031283712, '0.001': 0.003236245954692557, '0.0001': 0.0010787486515641855}
---> Log AUC: 0.6194

<----------- FedMIA Attack Result (mode loss) ----------->

---> True positive rate at different false positive rate: {'10': 1.0, '1': 1.0, '0.1': 0.267529665587918, '0.02': 0.20496224379719524, '0.01': 0.16612729234088458, '0.001': 0.030204962243797196, '0.0001': 0.022653721682847898}
---> Log AUC: 0.7863

<----------- Common Attack Result (cosine attack) ----------->

---> True positive rate at different false positive rate: {'10': 1.0, '1': 1.0, '0.1': 0.1488673139158576, '0.02': 0.03559870550161812, '0.01': 0.019417475728155338, '0.001': 0.0010787486515641855, '0.0001': 0.0}
---> Log AUC: 0.4529

<----------- Common Attack Result (grad diff) ----------->

---> True positive rate at different false positive rate: {'10': 1.0, '1': 1.0, '0.1': 0.09924487594390508, '0.02': 0.015102481121898598, '0.01': 0.007551240560949299, '0.001': 0.0010787486515641855, '0.0001': 0.0}
---> Log AUC: 0.4263

<----------- Common Attack Result (loss based) ----------->

---> True positive rate at different false positive rate: {'10': 1.0, '1': 1.0, '0.1': 0.10248112189859762, '0.02': 0.012944983818770227, '0.01': 0.005393743257820928, '0.001': 0.0, '0.0001': 0.0}
---> Log AUC: 0.4124

<----------- Common Attack Result (grad norm) ----------->

---> True positive rate at different false positive rate: {'10': 1.0, '1': 1.0, '0.1': 0.09816612729234088, '0.02': 0.018338727076591153, '0.01': 0.011866235167206042, '0.001': 0.0, '0.0001': 0.0}
---> Log AUC: 0.3965

==================== Attack at epoch 70 ====================

<----------- FedMIA Attack Result (mode cos) ----------->

---> True positive rate at different false positive rate: {'10': 1.0, '1': 1.0, '0.1': 0.09924487594390508, '0.02': 0.018338727076591153, '0.01': 0.009708737864077669, '0.001': 0.0, '0.0001': 0.0}
---> Log AUC: 0.3776

<----------- FedMIA Attack Result (mode loss) ----------->

---> True positive rate at different false positive rate: {'10': 1.0, '1': 0.9989212513484358, '0.1': 0.4250269687162891, '0.02': 0.24703344120819848, '0.01': 0.19633225458468176, '0.001': 0.11974110032362459, '0.0001': 0.05177993527508091}
---> Log AUC: 0.8402

<----------- Common Attack Result (cosine attack) ----------->

---> True positive rate at different false positive rate: {'10': 1.0, '1': 1.0, '0.1': 0.12405609492988134, '0.02': 0.038834951456310676, '0.01': 0.020496224379719527, '0.001': 0.0, '0.0001': 0.0}
---> Log AUC: 0.4449

<----------- Common Attack Result (grad diff) ----------->

---> True positive rate at different false positive rate: {'10': 1.0, '1': 0.9989212513484358, '0.1': 0.11326860841423948, '0.02': 0.036677454153182305, '0.01': 0.010787486515641856, '0.001': 0.0010787486515641855, '0.0001': 0.0010787486515641855}
---> Log AUC: 0.5829

<----------- Common Attack Result (loss based) ----------->

---> True positive rate at different false positive rate: {'10': 1.0, '1': 1.0, '0.1': 0.10032362459546926, '0.02': 0.017259978425026967, '0.01': 0.003236245954692557, '0.001': 0.0, '0.0001': 0.0}
---> Log AUC: 0.3819

<----------- Common Attack Result (grad norm) ----------->

---> True positive rate at different false positive rate: {'10': 1.0, '1': 0.9989212513484358, '0.1': 0.09600862998921252, '0.02': 0.014023732470334413, '0.01': 0.007551240560949299, '0.001': 0.0, '0.0001': 0.0}
---> Log AUC: 0.3932

==================== Attack at epoch 80 ====================

<----------- FedMIA Attack Result (mode cos) ----------->

---> True positive rate at different false positive rate: {'10': 1.0, '1': 1.0, '0.1': 0.14023732470334413, '0.02': 0.043149946062567425, '0.01': 0.017259978425026967, '0.001': 0.005393743257820928, '0.0001': 0.0010787486515641855}
---> Log AUC: 0.6271

<----------- FedMIA Attack Result (mode loss) ----------->

---> True positive rate at different false positive rate: {'10': 1.0, '1': 1.0, '0.1': 0.43042071197411, '0.02': 0.2297734627831715, '0.01': 0.18122977346278318, '0.001': 0.08414239482200647, '0.0001': 0.0668824163969795}
---> Log AUC: 0.8394

<----------- Common Attack Result (cosine attack) ----------->

---> True positive rate at different false positive rate: {'10': 1.0, '1': 1.0, '0.1': 0.14023732470334413, '0.02': 0.034519956850053934, '0.01': 0.021574973031283712, '0.001': 0.005393743257820928, '0.0001': 0.0}
---> Log AUC: 0.4942

<----------- Common Attack Result (grad diff) ----------->

---> True positive rate at different false positive rate: {'10': 1.0, '1': 1.0, '0.1': 0.10679611650485436, '0.02': 0.022653721682847898, '0.01': 0.010787486515641856, '0.001': 0.0010787486515641855, '0.0001': 0.0010787486515641855}
---> Log AUC: 0.5755

<----------- Common Attack Result (loss based) ----------->

---> True positive rate at different false positive rate: {'10': 1.0, '1': 1.0, '0.1': 0.10140237324703344, '0.02': 0.023732470334412083, '0.01': 0.009708737864077669, '0.001': 0.0, '0.0001': 0.0}
---> Log AUC: 0.3978

<----------- Common Attack Result (grad norm) ----------->

---> True positive rate at different false positive rate: {'10': 1.0, '1': 1.0, '0.1': 0.09385113268608414, '0.02': 0.023732470334412083, '0.01': 0.012944983818770227, '0.001': 0.0, '0.0001': 0.0}
---> Log AUC: 0.3969

==================== Attack at epoch 90 ====================

<----------- FedMIA Attack Result (mode cos) ----------->

---> True positive rate at different false positive rate: {'10': 1.0, '1': 1.0, '0.1': 0.1348435814455232, '0.02': 0.032362459546925564, '0.01': 0.014023732470334413, '0.001': 0.0010787486515641855, '0.0001': 0.0}
---> Log AUC: 0.4690

<----------- FedMIA Attack Result (mode loss) ----------->

---> True positive rate at different false positive rate: {'10': 1.0, '1': 0.9967637540453075, '0.1': 0.38727076591154264, '0.02': 0.2621359223300971, '0.01': 0.22330097087378642, '0.001': 0.16936353829557713, '0.0001': 0.1111111111111111}
---> Log AUC: 0.8647

<----------- Common Attack Result (cosine attack) ----------->

---> True positive rate at different false positive rate: {'10': 1.0, '1': 1.0, '0.1': 0.14778856526429343, '0.02': 0.034519956850053934, '0.01': 0.018338727076591153, '0.001': 0.006472491909385114, '0.0001': 0.0010787486515641855}
---> Log AUC: 0.6321

<----------- Common Attack Result (grad diff) ----------->

---> True positive rate at different false positive rate: {'10': 1.0, '1': 1.0, '0.1': 0.10248112189859762, '0.02': 0.022653721682847898, '0.01': 0.011866235167206042, '0.001': 0.0010787486515641855, '0.0001': 0.0}
---> Log AUC: 0.4494

<----------- Common Attack Result (loss based) ----------->

---> True positive rate at different false positive rate: {'10': 1.0, '1': 1.0, '0.1': 0.11326860841423948, '0.02': 0.016181229773462782, '0.01': 0.006472491909385114, '0.001': 0.0, '0.0001': 0.0}
---> Log AUC: 0.4149

<----------- Common Attack Result (grad norm) ----------->

---> True positive rate at different false positive rate: {'10': 1.0, '1': 1.0, '0.1': 0.10248112189859762, '0.02': 0.018338727076591153, '0.01': 0.012944983818770227, '0.001': 0.0, '0.0001': 0.0}
---> Log AUC: 0.3697

==================== Attack at epoch 100 ====================

<----------- FedMIA Attack Result (mode cos) ----------->

---> True positive rate at different false positive rate: {'10': 1.0, '1': 1.0, '0.1': 0.17367853290183388, '0.02': 0.04962243797195254, '0.01': 0.02696871628910464, '0.001': 0.005393743257820928, '0.0001': 0.0010787486515641855}
---> Log AUC: 0.6327

<----------- FedMIA Attack Result (mode loss) ----------->

---> True positive rate at different false positive rate: {'10': 1.0, '1': 1.0, '0.1': 0.2599784250269687, '0.02': 0.1779935275080906, '0.01': 0.15426105717367852, '0.001': 0.05501618122977346, '0.0001': 0.05070118662351672}
---> Log AUC: 0.8142

<----------- Common Attack Result (cosine attack) ----------->

---> True positive rate at different false positive rate: {'10': 1.0, '1': 1.0, '0.1': 0.13807982740021574, '0.02': 0.03128371089536138, '0.01': 0.016181229773462782, '0.001': 0.0010787486515641855, '0.0001': 0.0010787486515641855}
---> Log AUC: 0.6079

<----------- Common Attack Result (grad diff) ----------->

---> True positive rate at different false positive rate: {'10': 1.0, '1': 1.0, '0.1': 0.09924487594390508, '0.02': 0.025889967637540454, '0.01': 0.020496224379719527, '0.001': 0.0010787486515641855, '0.0001': 0.0010787486515641855}
---> Log AUC: 0.6052

<----------- Common Attack Result (loss based) ----------->

---> True positive rate at different false positive rate: {'10': 1.0, '1': 1.0, '0.1': 0.10248112189859762, '0.02': 0.014023732470334413, '0.01': 0.003236245954692557, '0.001': 0.0, '0.0001': 0.0}
---> Log AUC: 0.4850

<----------- Common Attack Result (grad norm) ----------->

---> True positive rate at different false positive rate: {'10': 1.0, '1': 1.0, '0.1': 0.08522114347357065, '0.02': 0.019417475728155338, '0.01': 0.011866235167206042, '0.001': 0.0, '0.0001': 0.0}
---> Log AUC: 0.3898

==================== Attack at epoch 110 ====================

<----------- FedMIA Attack Result (mode cos) ----------->

---> True positive rate at different false positive rate: {'10': 1.0, '1': 1.0, '0.1': 0.17475728155339806, '0.02': 0.05177993527508091, '0.01': 0.03128371089536138, '0.001': 0.003236245954692557, '0.0001': 0.0}
---> Log AUC: 0.4947

<----------- FedMIA Attack Result (mode loss) ----------->

---> True positive rate at different false positive rate: {'10': 1.0, '1': 1.0, '0.1': 0.29341963322545844, '0.02': 0.20388349514563106, '0.01': 0.1779935275080906, '0.001': 0.07335490830636461, '0.0001': 0.06364617044228695}
---> Log AUC: 0.8276

<----------- Common Attack Result (cosine attack) ----------->

---> True positive rate at different false positive rate: {'10': 1.0, '1': 1.0, '0.1': 0.16181229773462782, '0.02': 0.040992448759439054, '0.01': 0.028047464940668825, '0.001': 0.007551240560949299, '0.0001': 0.007551240560949299}
---> Log AUC: 0.6948

<----------- Common Attack Result (grad diff) ----------->

---> True positive rate at different false positive rate: {'10': 1.0, '1': 1.0, '0.1': 0.09169363538295577, '0.02': 0.028047464940668825, '0.01': 0.015102481121898598, '0.001': 0.0, '0.0001': 0.0}
---> Log AUC: 0.3900

<----------- Common Attack Result (loss based) ----------->

---> True positive rate at different false positive rate: {'10': 1.0, '1': 1.0, '0.1': 0.0970873786407767, '0.02': 0.020496224379719527, '0.01': 0.011866235167206042, '0.001': 0.0, '0.0001': 0.0}
---> Log AUC: 0.4005

<----------- Common Attack Result (grad norm) ----------->

---> True positive rate at different false positive rate: {'10': 1.0, '1': 1.0, '0.1': 0.08090614886731391, '0.02': 0.019417475728155338, '0.01': 0.011866235167206042, '0.001': 0.0, '0.0001': 0.0}
---> Log AUC: 0.3763

==================== Attack at epoch 120 ====================

<----------- FedMIA Attack Result (mode cos) ----------->

---> True positive rate at different false positive rate: {'10': 1.0, '1': 1.0, '0.1': 0.17367853290183388, '0.02': 0.038834951456310676, '0.01': 0.025889967637540454, '0.001': 0.002157497303128371, '0.0001': 0.002157497303128371}
---> Log AUC: 0.6446

<----------- FedMIA Attack Result (mode loss) ----------->

---> True positive rate at different false positive rate: {'10': 1.0, '1': 0.9978425026968716, '0.1': 0.3300970873786408, '0.02': 0.1855447680690399, '0.01': 0.15641855447680691, '0.001': 0.06364617044228695, '0.0001': 0.06040992448759439}
---> Log AUC: 0.8224

<----------- Common Attack Result (cosine attack) ----------->

---> True positive rate at different false positive rate: {'10': 1.0, '1': 1.0, '0.1': 0.1725997842502697, '0.02': 0.045307443365695796, '0.01': 0.025889967637540454, '0.001': 0.006472491909385114, '0.0001': 0.006472491909385114}
---> Log AUC: 0.6847

<----------- Common Attack Result (grad diff) ----------->

---> True positive rate at different false positive rate: {'10': 1.0, '1': 0.9989212513484358, '0.1': 0.08845738942826321, '0.02': 0.019417475728155338, '0.01': 0.011866235167206042, '0.001': 0.0, '0.0001': 0.0}
---> Log AUC: 0.3970

<----------- Common Attack Result (loss based) ----------->

---> True positive rate at different false positive rate: {'10': 1.0, '1': 1.0, '0.1': 0.09600862998921252, '0.02': 0.020496224379719527, '0.01': 0.010787486515641856, '0.001': 0.0, '0.0001': 0.0}
---> Log AUC: 0.4154

<----------- Common Attack Result (grad norm) ----------->

---> True positive rate at different false positive rate: {'10': 1.0, '1': 0.9989212513484358, '0.1': 0.08414239482200647, '0.02': 0.018338727076591153, '0.01': 0.011866235167206042, '0.001': 0.0, '0.0001': 0.0}
---> Log AUC: 0.3848

==================== Attack at epoch 130 ====================

<----------- FedMIA Attack Result (mode cos) ----------->

---> True positive rate at different false positive rate: {'10': 1.0, '1': 1.0, '0.1': 0.08522114347357065, '0.02': 0.02481121898597627, '0.01': 0.016181229773462782, '0.001': 0.0010787486515641855, '0.0001': 0.0010787486515641855}
---> Log AUC: 0.5879

<----------- FedMIA Attack Result (mode loss) ----------->

---> True positive rate at different false positive rate: {'10': 1.0, '1': 1.0, '0.1': 0.3333333333333333, '0.02': 0.23300970873786409, '0.01': 0.19525350593311758, '0.001': 0.09600862998921252, '0.0001': 0.05393743257820928}
---> Log AUC: 0.8289

<----------- Common Attack Result (cosine attack) ----------->

---> True positive rate at different false positive rate: {'10': 1.0, '1': 1.0, '0.1': 0.13915857605177995, '0.02': 0.02481121898597627, '0.01': 0.016181229773462782, '0.001': 0.003236245954692557, '0.0001': 0.0010787486515641855}
---> Log AUC: 0.6147

<----------- Common Attack Result (grad diff) ----------->

---> True positive rate at different false positive rate: {'10': 1.0, '1': 1.0, '0.1': 0.08090614886731391, '0.02': 0.019417475728155338, '0.01': 0.007551240560949299, '0.001': 0.0, '0.0001': 0.0}
---> Log AUC: 0.3796

<----------- Common Attack Result (loss based) ----------->

---> True positive rate at different false positive rate: {'10': 1.0, '1': 1.0, '0.1': 0.08414239482200647, '0.02': 0.019417475728155338, '0.01': 0.007551240560949299, '0.001': 0.0, '0.0001': 0.0}
---> Log AUC: 0.4045

<----------- Common Attack Result (grad norm) ----------->

---> True positive rate at different false positive rate: {'10': 1.0, '1': 1.0, '0.1': 0.09277238403451996, '0.02': 0.018338727076591153, '0.01': 0.012944983818770227, '0.001': 0.0, '0.0001': 0.0}
---> Log AUC: 0.3680

==================== Attack at epoch 140 ====================

<----------- FedMIA Attack Result (mode cos) ----------->

---> True positive rate at different false positive rate: {'10': 1.0, '1': 1.0, '0.1': 0.13807982740021574, '0.02': 0.04746494066882417, '0.01': 0.019417475728155338, '0.001': 0.0010787486515641855, '0.0001': 0.0}
---> Log AUC: 0.4592

<----------- FedMIA Attack Result (mode loss) ----------->

---> True positive rate at different false positive rate: {'10': 1.0, '1': 0.9989212513484358, '0.1': 0.23948220064724918, '0.02': 0.15102481121898598, '0.01': 0.1262135922330097, '0.001': 0.032362459546925564, '0.0001': 0.018338727076591153}
---> Log AUC: 0.7724

<----------- Common Attack Result (cosine attack) ----------->

---> True positive rate at different false positive rate: {'10': 1.0, '1': 1.0, '0.1': 0.16181229773462782, '0.02': 0.04854368932038835, '0.01': 0.03128371089536138, '0.001': 0.003236245954692557, '0.0001': 0.0010787486515641855}
---> Log AUC: 0.6298

<----------- Common Attack Result (grad diff) ----------->

---> True positive rate at different false positive rate: {'10': 1.0, '1': 1.0, '0.1': 0.09061488673139159, '0.02': 0.020496224379719527, '0.01': 0.010787486515641856, '0.001': 0.0010787486515641855, '0.0001': 0.0010787486515641855}
---> Log AUC: 0.5721

<----------- Common Attack Result (loss based) ----------->

---> True positive rate at different false positive rate: {'10': 1.0, '1': 1.0, '0.1': 0.08845738942826321, '0.02': 0.021574973031283712, '0.01': 0.008629989212513484, '0.001': 0.0, '0.0001': 0.0}
---> Log AUC: 0.3665

<----------- Common Attack Result (grad norm) ----------->

---> True positive rate at different false positive rate: {'10': 1.0, '1': 1.0, '0.1': 0.08522114347357065, '0.02': 0.018338727076591153, '0.01': 0.011866235167206042, '0.001': 0.0, '0.0001': 0.0}
---> Log AUC: 0.3592

==================== Attack at epoch 150 ====================

<----------- FedMIA Attack Result (mode cos) ----------->

---> True positive rate at different false positive rate: {'10': 1.0, '1': 1.0, '0.1': 0.1121898597626753, '0.02': 0.007551240560949299, '0.01': 0.003236245954692557, '0.001': 0.0, '0.0001': 0.0}
---> Log AUC: 0.3821

<----------- FedMIA Attack Result (mode loss) ----------->

---> True positive rate at different false positive rate: {'10': 1.0, '1': 1.0, '0.1': 0.35382955771305286, '0.02': 0.23516720604099245, '0.01': 0.19093851132686085, '0.001': 0.036677454153182305, '0.0001': 0.016181229773462782}
---> Log AUC: 0.7846

<----------- Common Attack Result (cosine attack) ----------->

---> True positive rate at different false positive rate: {'10': 1.0, '1': 1.0, '0.1': 0.1186623516720604, '0.02': 0.037756202804746494, '0.01': 0.021574973031283712, '0.001': 0.004314994606256742, '0.0001': 0.0}
---> Log AUC: 0.4930

<----------- Common Attack Result (grad diff) ----------->

---> True positive rate at different false positive rate: {'10': 1.0, '1': 1.0, '0.1': 0.09600862998921252, '0.02': 0.015102481121898598, '0.01': 0.004314994606256742, '0.001': 0.002157497303128371, '0.0001': 0.0}
---> Log AUC: 0.4468

<----------- Common Attack Result (loss based) ----------->

---> True positive rate at different false positive rate: {'10': 1.0, '1': 1.0, '0.1': 0.08198489751887811, '0.02': 0.018338727076591153, '0.01': 0.009708737864077669, '0.001': 0.0, '0.0001': 0.0}
---> Log AUC: 0.4022

<----------- Common Attack Result (grad norm) ----------->

---> True positive rate at different false positive rate: {'10': 1.0, '1': 1.0, '0.1': 0.09169363538295577, '0.02': 0.018338727076591153, '0.01': 0.012944983818770227, '0.001': 0.0, '0.0001': 0.0}
---> Log AUC: 0.3737

==================== Attack at epoch 160 ====================

<----------- FedMIA Attack Result (mode cos) ----------->

---> True positive rate at different false positive rate: {'10': 1.0, '1': 1.0, '0.1': 0.133764832793959, '0.02': 0.020496224379719527, '0.01': 0.007551240560949299, '0.001': 0.0, '0.0001': 0.0}
---> Log AUC: 0.4163

<----------- FedMIA Attack Result (mode loss) ----------->

---> True positive rate at different false positive rate: {'10': 1.0, '1': 1.0, '0.1': 0.33117583603020495, '0.02': 0.2222222222222222, '0.01': 0.19093851132686085, '0.001': 0.07982740021574973, '0.0001': 0.05609492988133765}
---> Log AUC: 0.8289

<----------- Common Attack Result (cosine attack) ----------->

---> True positive rate at different false positive rate: {'10': 1.0, '1': 1.0, '0.1': 0.1488673139158576, '0.02': 0.038834951456310676, '0.01': 0.02696871628910464, '0.001': 0.002157497303128371, '0.0001': 0.002157497303128371}
---> Log AUC: 0.6276

<----------- Common Attack Result (grad diff) ----------->

---> True positive rate at different false positive rate: {'10': 1.0, '1': 1.0, '0.1': 0.08198489751887811, '0.02': 0.011866235167206042, '0.01': 0.005393743257820928, '0.001': 0.0010787486515641855, '0.0001': 0.0}
---> Log AUC: 0.4388

<----------- Common Attack Result (loss based) ----------->

---> True positive rate at different false positive rate: {'10': 1.0, '1': 1.0, '0.1': 0.09277238403451996, '0.02': 0.020496224379719527, '0.01': 0.012944983818770227, '0.001': 0.0, '0.0001': 0.0}
---> Log AUC: 0.3909

<----------- Common Attack Result (grad norm) ----------->

---> True positive rate at different false positive rate: {'10': 1.0, '1': 1.0, '0.1': 0.08737864077669903, '0.02': 0.018338727076591153, '0.01': 0.012944983818770227, '0.001': 0.0, '0.0001': 0.0}
---> Log AUC: 0.4083

==================== Attack at epoch 170 ====================

<----------- FedMIA Attack Result (mode cos) ----------->

---> True positive rate at different false positive rate: {'10': 1.0, '1': 1.0, '0.1': 0.17583603020496225, '0.02': 0.04962243797195254, '0.01': 0.015102481121898598, '0.001': 0.003236245954692557, '0.0001': 0.0}
---> Log AUC: 0.4874

<----------- FedMIA Attack Result (mode loss) ----------->

---> True positive rate at different false positive rate: {'10': 1.0, '1': 1.0, '0.1': 0.2858683926645092, '0.02': 0.18770226537216828, '0.01': 0.16073354908306364, '0.001': 0.07011866235167206, '0.0001': 0.042071197411003236}
---> Log AUC: 0.8114

<----------- Common Attack Result (cosine attack) ----------->

---> True positive rate at different false positive rate: {'10': 1.0, '1': 1.0, '0.1': 0.1715210355987055, '0.02': 0.045307443365695796, '0.01': 0.02696871628910464, '0.001': 0.009708737864077669, '0.0001': 0.006472491909385114}
---> Log AUC: 0.6910

<----------- Common Attack Result (grad diff) ----------->

---> True positive rate at different false positive rate: {'10': 1.0, '1': 1.0, '0.1': 0.07766990291262135, '0.02': 0.015102481121898598, '0.01': 0.007551240560949299, '0.001': 0.0, '0.0001': 0.0}
---> Log AUC: 0.3523

<----------- Common Attack Result (loss based) ----------->

---> True positive rate at different false positive rate: {'10': 1.0, '1': 1.0, '0.1': 0.08737864077669903, '0.02': 0.018338727076591153, '0.01': 0.007551240560949299, '0.001': 0.0, '0.0001': 0.0}
---> Log AUC: 0.4952

<----------- Common Attack Result (grad norm) ----------->

---> True positive rate at different false positive rate: {'10': 1.0, '1': 1.0, '0.1': 0.08090614886731391, '0.02': 0.019417475728155338, '0.01': 0.011866235167206042, '0.001': 0.0, '0.0001': 0.0}
---> Log AUC: 0.4097

==================== Attack at epoch 180 ====================

<----------- FedMIA Attack Result (mode cos) ----------->

---> True positive rate at different false positive rate: {'10': 1.0, '1': 1.0, '0.1': 0.17367853290183388, '0.02': 0.045307443365695796, '0.01': 0.030204962243797196, '0.001': 0.002157497303128371, '0.0001': 0.0}
---> Log AUC: 0.4667

<----------- FedMIA Attack Result (mode loss) ----------->

---> True positive rate at different false positive rate: {'10': 1.0, '1': 1.0, '0.1': 0.27939590075512405, '0.02': 0.20280474649406688, '0.01': 0.17367853290183388, '0.001': 0.12405609492988134, '0.0001': 0.09385113268608414}
---> Log AUC: 0.8434

<----------- Common Attack Result (cosine attack) ----------->

---> True positive rate at different false positive rate: {'10': 1.0, '1': 1.0, '0.1': 0.17367853290183388, '0.02': 0.040992448759439054, '0.01': 0.018338727076591153, '0.001': 0.005393743257820928, '0.0001': 0.0010787486515641855}
---> Log AUC: 0.6287

<----------- Common Attack Result (grad diff) ----------->

---> True positive rate at different false positive rate: {'10': 1.0, '1': 1.0, '0.1': 0.07659115426105717, '0.02': 0.010787486515641856, '0.01': 0.004314994606256742, '0.001': 0.0010787486515641855, '0.0001': 0.0}
---> Log AUC: 0.4136

<----------- Common Attack Result (loss based) ----------->

---> True positive rate at different false positive rate: {'10': 1.0, '1': 1.0, '0.1': 0.07874865156418555, '0.02': 0.018338727076591153, '0.01': 0.005393743257820928, '0.001': 0.0, '0.0001': 0.0}
---> Log AUC: 0.3686

<----------- Common Attack Result (grad norm) ----------->

---> True positive rate at different false positive rate: {'10': 1.0, '1': 1.0, '0.1': 0.07982740021574973, '0.02': 0.018338727076591153, '0.01': 0.009708737864077669, '0.001': 0.0, '0.0001': 0.0}
---> Log AUC: 0.3748

==================== Attack at epoch 190 ====================

<----------- FedMIA Attack Result (mode cos) ----------->

---> True positive rate at different false positive rate: {'10': 1.0, '1': 1.0, '0.1': 0.1121898597626753, '0.02': 0.015102481121898598, '0.01': 0.003236245954692557, '0.001': 0.0010787486515641855, '0.0001': 0.0}
---> Log AUC: 0.4174

<----------- FedMIA Attack Result (mode loss) ----------->

---> True positive rate at different false positive rate: {'10': 1.0, '1': 1.0, '0.1': 0.27292340884573896, '0.02': 0.19201725997842503, '0.01': 0.15857605177993528, '0.001': 0.09816612729234088, '0.0001': 0.08090614886731391}
---> Log AUC: 0.8352

<----------- Common Attack Result (cosine attack) ----------->

---> True positive rate at different false positive rate: {'10': 1.0, '1': 1.0, '0.1': 0.14455231930960086, '0.02': 0.03559870550161812, '0.01': 0.023732470334412083, '0.001': 0.005393743257820928, '0.0001': 0.004314994606256742}
---> Log AUC: 0.6656

<----------- Common Attack Result (grad diff) ----------->

---> True positive rate at different false positive rate: {'10': 1.0, '1': 1.0, '0.1': 0.09600862998921252, '0.02': 0.016181229773462782, '0.01': 0.008629989212513484, '0.001': 0.0, '0.0001': 0.0}
---> Log AUC: 0.3411

<----------- Common Attack Result (loss based) ----------->

---> True positive rate at different false positive rate: {'10': 1.0, '1': 1.0, '0.1': 0.09385113268608414, '0.02': 0.020496224379719527, '0.01': 0.010787486515641856, '0.001': 0.0, '0.0001': 0.0}
---> Log AUC: 0.4813

<----------- Common Attack Result (grad norm) ----------->

---> True positive rate at different false positive rate: {'10': 1.0, '1': 1.0, '0.1': 0.10355987055016182, '0.02': 0.020496224379719527, '0.01': 0.012944983818770227, '0.001': 0.0, '0.0001': 0.0}
---> Log AUC: 0.3965

==================== Attack at epoch 200 ====================

<----------- FedMIA Attack Result (mode cos) ----------->

---> True positive rate at different false positive rate: {'10': 1.0, '1': 1.0, '0.1': 0.12081984897518878, '0.02': 0.02912621359223301, '0.01': 0.012944983818770227, '0.001': 0.0010787486515641855, '0.0001': 0.0}
---> Log AUC: 0.4655

<----------- FedMIA Attack Result (mode loss) ----------->

---> True positive rate at different false positive rate: {'10': 1.0, '1': 1.0, '0.1': 0.447680690399137, '0.02': 0.284789644012945, '0.01': 0.22114347357065803, '0.001': 0.1262135922330097, '0.0001': 0.07874865156418555}
---> Log AUC: 0.8538

<----------- Common Attack Result (cosine attack) ----------->

---> True positive rate at different false positive rate: {'10': 1.0, '1': 1.0, '0.1': 0.13700107874865156, '0.02': 0.030204962243797196, '0.01': 0.014023732470334413, '0.001': 0.009708737864077669, '0.0001': 0.004314994606256742}
---> Log AUC: 0.6677

<----------- Common Attack Result (grad diff) ----------->

---> True positive rate at different false positive rate: {'10': 1.0, '1': 1.0, '0.1': 0.09061488673139159, '0.02': 0.014023732470334413, '0.01': 0.005393743257820928, '0.001': 0.0, '0.0001': 0.0}
---> Log AUC: 0.3683

<----------- Common Attack Result (loss based) ----------->

---> True positive rate at different false positive rate: {'10': 1.0, '1': 1.0, '0.1': 0.08737864077669903, '0.02': 0.018338727076591153, '0.01': 0.008629989212513484, '0.001': 0.0, '0.0001': 0.0}
---> Log AUC: 0.3733

<----------- Common Attack Result (grad norm) ----------->

---> True positive rate at different false positive rate: {'10': 1.0, '1': 1.0, '0.1': 0.08414239482200647, '0.02': 0.018338727076591153, '0.01': 0.011866235167206042, '0.001': 0.0, '0.0001': 0.0}
---> Log AUC: 0.3874

==================== Attack at epoch 210 ====================

<----------- FedMIA Attack Result (mode cos) ----------->

---> True positive rate at different false positive rate: {'10': 1.0, '1': 1.0, '0.1': 0.12081984897518878, '0.02': 0.039913700107874865, '0.01': 0.018338727076591153, '0.001': 0.0, '0.0001': 0.0}
---> Log AUC: 0.4239

<----------- FedMIA Attack Result (mode loss) ----------->

---> True positive rate at different false positive rate: {'10': 1.0, '1': 1.0, '0.1': 0.3451995685005394, '0.02': 0.2535059331175836, '0.01': 0.22114347357065803, '0.001': 0.10248112189859762, '0.0001': 0.0593311758360302}
---> Log AUC: 0.8388

<----------- Common Attack Result (cosine attack) ----------->

---> True positive rate at different false positive rate: {'10': 1.0, '1': 1.0, '0.1': 0.1348435814455232, '0.02': 0.032362459546925564, '0.01': 0.018338727076591153, '0.001': 0.006472491909385114, '0.0001': 0.005393743257820928}
---> Log AUC: 0.6655

<----------- Common Attack Result (grad diff) ----------->

---> True positive rate at different false positive rate: {'10': 1.0, '1': 1.0, '0.1': 0.0668824163969795, '0.02': 0.011866235167206042, '0.01': 0.002157497303128371, '0.001': 0.0, '0.0001': 0.0}
---> Log AUC: 0.3508

<----------- Common Attack Result (loss based) ----------->

---> True positive rate at different false positive rate: {'10': 1.0, '1': 1.0, '0.1': 0.07227615965480043, '0.02': 0.018338727076591153, '0.01': 0.009708737864077669, '0.001': 0.0, '0.0001': 0.0}
---> Log AUC: 0.4726

<----------- Common Attack Result (grad norm) ----------->

---> True positive rate at different false positive rate: {'10': 1.0, '1': 1.0, '0.1': 0.07119741100323625, '0.02': 0.018338727076591153, '0.01': 0.011866235167206042, '0.001': 0.0, '0.0001': 0.0}
---> Log AUC: 0.3805

==================== Attack at epoch 220 ====================

<----------- FedMIA Attack Result (mode cos) ----------->

---> True positive rate at different false positive rate: {'10': 1.0, '1': 1.0, '0.1': 0.17583603020496225, '0.02': 0.032362459546925564, '0.01': 0.011866235167206042, '0.001': 0.0, '0.0001': 0.0}
---> Log AUC: 0.4272

<----------- FedMIA Attack Result (mode loss) ----------->

---> True positive rate at different false positive rate: {'10': 1.0, '1': 1.0, '0.1': 0.31715210355987056, '0.02': 0.238403451995685, '0.01': 0.21790722761596548, '0.001': 0.11758360302049622, '0.0001': 0.05717367853290183}
---> Log AUC: 0.8328

<----------- Common Attack Result (cosine attack) ----------->

---> True positive rate at different false positive rate: {'10': 1.0, '1': 1.0, '0.1': 0.1488673139158576, '0.02': 0.040992448759439054, '0.01': 0.02912621359223301, '0.001': 0.005393743257820928, '0.0001': 0.0}
---> Log AUC: 0.5131

<----------- Common Attack Result (grad diff) ----------->

---> True positive rate at different false positive rate: {'10': 1.0, '1': 1.0, '0.1': 0.07874865156418555, '0.02': 0.015102481121898598, '0.01': 0.006472491909385114, '0.001': 0.0, '0.0001': 0.0}
---> Log AUC: 0.3612

<----------- Common Attack Result (loss based) ----------->

---> True positive rate at different false positive rate: {'10': 1.0, '1': 1.0, '0.1': 0.08306364617044229, '0.02': 0.019417475728155338, '0.01': 0.011866235167206042, '0.001': 0.0, '0.0001': 0.0}
---> Log AUC: 0.4882

<----------- Common Attack Result (grad norm) ----------->

---> True positive rate at different false positive rate: {'10': 1.0, '1': 1.0, '0.1': 0.08629989212513485, '0.02': 0.020496224379719527, '0.01': 0.011866235167206042, '0.001': 0.0, '0.0001': 0.0}
---> Log AUC: 0.4051

==================== Attack at epoch 230 ====================

<----------- FedMIA Attack Result (mode cos) ----------->

---> True positive rate at different false positive rate: {'10': 1.0, '1': 1.0, '0.1': 0.14563106796116504, '0.02': 0.03344120819848975, '0.01': 0.016181229773462782, '0.001': 0.0010787486515641855, '0.0001': 0.0}
---> Log AUC: 0.4650

<----------- FedMIA Attack Result (mode loss) ----------->

---> True positive rate at different false positive rate: {'10': 1.0, '1': 1.0, '0.1': 0.30312837108953616, '0.02': 0.23516720604099245, '0.01': 0.21359223300970873, '0.001': 0.13915857605177995, '0.0001': 0.10787486515641856}
---> Log AUC: 0.8529

<----------- Common Attack Result (cosine attack) ----------->

---> True positive rate at different false positive rate: {'10': 1.0, '1': 1.0, '0.1': 0.15318230852211434, '0.02': 0.040992448759439054, '0.01': 0.017259978425026967, '0.001': 0.008629989212513484, '0.0001': 0.0010787486515641855}
---> Log AUC: 0.6294

<----------- Common Attack Result (grad diff) ----------->

---> True positive rate at different false positive rate: {'10': 1.0, '1': 1.0, '0.1': 0.07874865156418555, '0.02': 0.018338727076591153, '0.01': 0.004314994606256742, '0.001': 0.0010787486515641855, '0.0001': 0.0}
---> Log AUC: 0.4167

<----------- Common Attack Result (loss based) ----------->

---> True positive rate at different false positive rate: {'10': 1.0, '1': 1.0, '0.1': 0.08198489751887811, '0.02': 0.018338727076591153, '0.01': 0.011866235167206042, '0.001': 0.0, '0.0001': 0.0}
---> Log AUC: 0.4183

<----------- Common Attack Result (grad norm) ----------->

---> True positive rate at different false positive rate: {'10': 1.0, '1': 1.0, '0.1': 0.08090614886731391, '0.02': 0.019417475728155338, '0.01': 0.011866235167206042, '0.001': 0.0, '0.0001': 0.0}
---> Log AUC: 0.4075

==================== Attack at epoch 240 ====================

<----------- FedMIA Attack Result (mode cos) ----------->

---> True positive rate at different false positive rate: {'10': 1.0, '1': 1.0, '0.1': 0.1348435814455232, '0.02': 0.03344120819848975, '0.01': 0.017259978425026967, '0.001': 0.004314994606256742, '0.0001': 0.0}
---> Log AUC: 0.4577

<----------- FedMIA Attack Result (mode loss) ----------->

---> True positive rate at different false positive rate: {'10': 1.0, '1': 1.0, '0.1': 0.3106796116504854, '0.02': 0.25674217907227614, '0.01': 0.23300970873786409, '0.001': 0.14347357065803668, '0.0001': 0.10679611650485436}
---> Log AUC: 0.8565

<----------- Common Attack Result (cosine attack) ----------->

---> True positive rate at different false positive rate: {'10': 1.0, '1': 0.9989212513484358, '0.1': 0.13052858683926646, '0.02': 0.04638619201725998, '0.01': 0.03559870550161812, '0.001': 0.009708737864077669, '0.0001': 0.0}
---> Log AUC: 0.5095

<----------- Common Attack Result (grad diff) ----------->

---> True positive rate at different false positive rate: {'10': 1.0, '1': 1.0, '0.1': 0.07982740021574973, '0.02': 0.017259978425026967, '0.01': 0.007551240560949299, '0.001': 0.0010787486515641855, '0.0001': 0.0}
---> Log AUC: 0.4465

<----------- Common Attack Result (loss based) ----------->

---> True positive rate at different false positive rate: {'10': 1.0, '1': 1.0, '0.1': 0.07874865156418555, '0.02': 0.020496224379719527, '0.01': 0.012944983818770227, '0.001': 0.0, '0.0001': 0.0}
---> Log AUC: 0.4108

<----------- Common Attack Result (grad norm) ----------->

---> True positive rate at different false positive rate: {'10': 1.0, '1': 1.0, '0.1': 0.08306364617044229, '0.02': 0.020496224379719527, '0.01': 0.014023732470334413, '0.001': 0.0, '0.0001': 0.0}
---> Log AUC: 0.3907

==================== Attack at epoch 250 ====================

<----------- FedMIA Attack Result (mode cos) ----------->

---> True positive rate at different false positive rate: {'10': 1.0, '1': 1.0, '0.1': 0.1262135922330097, '0.02': 0.022653721682847898, '0.01': 0.010787486515641856, '0.001': 0.0010787486515641855, '0.0001': 0.0010787486515641855}
---> Log AUC: 0.5833

<----------- FedMIA Attack Result (mode loss) ----------->

---> True positive rate at different false positive rate: {'10': 1.0, '1': 1.0, '0.1': 0.38295577130528585, '0.02': 0.2912621359223301, '0.01': 0.2545846817691478, '0.001': 0.10787486515641856, '0.0001': 0.07011866235167206}
---> Log AUC: 0.8475

<----------- Common Attack Result (cosine attack) ----------->

---> True positive rate at different false positive rate: {'10': 1.0, '1': 1.0, '0.1': 0.13160733549083065, '0.02': 0.034519956850053934, '0.01': 0.022653721682847898, '0.001': 0.003236245954692557, '0.0001': 0.002157497303128371}
---> Log AUC: 0.6426

<----------- Common Attack Result (grad diff) ----------->

---> True positive rate at different false positive rate: {'10': 1.0, '1': 1.0, '0.1': 0.0744336569579288, '0.02': 0.016181229773462782, '0.01': 0.008629989212513484, '0.001': 0.002157497303128371, '0.0001': 0.0}
---> Log AUC: 0.4557

<----------- Common Attack Result (loss based) ----------->

---> True positive rate at different false positive rate: {'10': 1.0, '1': 1.0, '0.1': 0.07766990291262135, '0.02': 0.020496224379719527, '0.01': 0.011866235167206042, '0.001': 0.0, '0.0001': 0.0}
---> Log AUC: 0.3680

<----------- Common Attack Result (grad norm) ----------->

---> True positive rate at different false positive rate: {'10': 1.0, '1': 1.0, '0.1': 0.07659115426105717, '0.02': 0.020496224379719527, '0.01': 0.012944983818770227, '0.001': 0.0, '0.0001': 0.0}
---> Log AUC: 0.3899

==================== Attack at epoch 260 ====================

<----------- FedMIA Attack Result (mode cos) ----------->

---> True positive rate at different false positive rate: {'10': 1.0, '1': 1.0, '0.1': 0.104638619201726, '0.02': 0.022653721682847898, '0.01': 0.011866235167206042, '0.001': 0.0, '0.0001': 0.0}
---> Log AUC: 0.4237

<----------- FedMIA Attack Result (mode loss) ----------->

---> True positive rate at different false positive rate: {'10': 1.0, '1': 1.0, '0.1': 0.30528586839266453, '0.02': 0.23948220064724918, '0.01': 0.22006472491909385, '0.001': 0.10571736785329018, '0.0001': 0.0744336569579288}
---> Log AUC: 0.8413

<----------- Common Attack Result (cosine attack) ----------->

---> True positive rate at different false positive rate: {'10': 1.0, '1': 1.0, '0.1': 0.13268608414239483, '0.02': 0.023732470334412083, '0.01': 0.018338727076591153, '0.001': 0.006472491909385114, '0.0001': 0.0}
---> Log AUC: 0.4988

<----------- Common Attack Result (grad diff) ----------->

---> True positive rate at different false positive rate: {'10': 1.0, '1': 1.0, '0.1': 0.08306364617044229, '0.02': 0.015102481121898598, '0.01': 0.011866235167206042, '0.001': 0.0010787486515641855, '0.0001': 0.0}
---> Log AUC: 0.4551

<----------- Common Attack Result (loss based) ----------->

---> True positive rate at different false positive rate: {'10': 1.0, '1': 1.0, '0.1': 0.08522114347357065, '0.02': 0.018338727076591153, '0.01': 0.012944983818770227, '0.001': 0.0, '0.0001': 0.0}
---> Log AUC: 0.3987

<----------- Common Attack Result (grad norm) ----------->

---> True positive rate at different false positive rate: {'10': 1.0, '1': 1.0, '0.1': 0.08090614886731391, '0.02': 0.018338727076591153, '0.01': 0.012944983818770227, '0.001': 0.0, '0.0001': 0.0}
---> Log AUC: 0.3978

==================== Attack at epoch 270 ====================

<----------- FedMIA Attack Result (mode cos) ----------->

---> True positive rate at different false positive rate: {'10': 1.0, '1': 1.0, '0.1': 0.12837108953613807, '0.02': 0.014023732470334413, '0.01': 0.005393743257820928, '0.001': 0.0, '0.0001': 0.0}
---> Log AUC: 0.3832

<----------- FedMIA Attack Result (mode loss) ----------->

---> True positive rate at different false positive rate: {'10': 1.0, '1': 1.0, '0.1': 0.30312837108953616, '0.02': 0.255663430420712, '0.01': 0.22761596548004315, '0.001': 0.1650485436893204, '0.0001': 0.1186623516720604}
---> Log AUC: 0.8608

<----------- Common Attack Result (cosine attack) ----------->

---> True positive rate at different false positive rate: {'10': 1.0, '1': 1.0, '0.1': 0.14455231930960086, '0.02': 0.034519956850053934, '0.01': 0.016181229773462782, '0.001': 0.006472491909385114, '0.0001': 0.002157497303128371}
---> Log AUC: 0.6441

<----------- Common Attack Result (grad diff) ----------->

---> True positive rate at different false positive rate: {'10': 1.0, '1': 1.0, '0.1': 0.08522114347357065, '0.02': 0.019417475728155338, '0.01': 0.008629989212513484, '0.001': 0.002157497303128371, '0.0001': 0.0}
---> Log AUC: 0.4597

<----------- Common Attack Result (loss based) ----------->

---> True positive rate at different false positive rate: {'10': 1.0, '1': 1.0, '0.1': 0.08845738942826321, '0.02': 0.020496224379719527, '0.01': 0.012944983818770227, '0.001': 0.0, '0.0001': 0.0}
---> Log AUC: 0.3664

<----------- Common Attack Result (grad norm) ----------->

---> True positive rate at different false positive rate: {'10': 1.0, '1': 1.0, '0.1': 0.0895361380798274, '0.02': 0.020496224379719527, '0.01': 0.011866235167206042, '0.001': 0.0, '0.0001': 0.0}
---> Log AUC: 0.3702

==================== Attack at epoch 280 ====================

<----------- FedMIA Attack Result (mode cos) ----------->

---> True positive rate at different false positive rate: {'10': 1.0, '1': 1.0, '0.1': 0.1413160733549083, '0.02': 0.020496224379719527, '0.01': 0.008629989212513484, '0.001': 0.0, '0.0001': 0.0}
---> Log AUC: 0.3870

<----------- FedMIA Attack Result (mode loss) ----------->

---> True positive rate at different false positive rate: {'10': 1.0, '1': 1.0, '0.1': 0.2750809061488673, '0.02': 0.19956850053937433, '0.01': 0.1866235167206041, '0.001': 0.13700107874865156, '0.0001': 0.09061488673139159}
---> Log AUC: 0.8420

<----------- Common Attack Result (cosine attack) ----------->

---> True positive rate at different false positive rate: {'10': 1.0, '1': 1.0, '0.1': 0.1272923408845739, '0.02': 0.034519956850053934, '0.01': 0.020496224379719527, '0.001': 0.0, '0.0001': 0.0}
---> Log AUC: 0.4285

<----------- Common Attack Result (grad diff) ----------->

---> True positive rate at different false positive rate: {'10': 1.0, '1': 1.0, '0.1': 0.08522114347357065, '0.02': 0.021574973031283712, '0.01': 0.010787486515641856, '0.001': 0.0, '0.0001': 0.0}
---> Log AUC: 0.3847

<----------- Common Attack Result (loss based) ----------->

---> True positive rate at different false positive rate: {'10': 1.0, '1': 1.0, '0.1': 0.08845738942826321, '0.02': 0.020496224379719527, '0.01': 0.012944983818770227, '0.001': 0.0, '0.0001': 0.0}
---> Log AUC: 0.4053

<----------- Common Attack Result (grad norm) ----------->

---> True positive rate at different false positive rate: {'10': 1.0, '1': 1.0, '0.1': 0.08737864077669903, '0.02': 0.020496224379719527, '0.01': 0.014023732470334413, '0.001': 0.0, '0.0001': 0.0}
---> Log AUC: 0.4163

==================== Attack at epoch 290 ====================

<----------- FedMIA Attack Result (mode cos) ----------->

---> True positive rate at different false positive rate: {'10': 1.0, '1': 1.0, '0.1': 0.1650485436893204, '0.02': 0.007551240560949299, '0.01': 0.002157497303128371, '0.001': 0.0, '0.0001': 0.0}
---> Log AUC: 0.3283

<----------- FedMIA Attack Result (mode loss) ----------->

---> True positive rate at different false positive rate: {'10': 1.0, '1': 1.0, '0.1': 0.2168284789644013, '0.02': 0.1866235167206041, '0.01': 0.18122977346278318, '0.001': 0.13052858683926646, '0.0001': 0.11542610571736785}
---> Log AUC: 0.8455

<----------- Common Attack Result (cosine attack) ----------->

---> True positive rate at different false positive rate: {'10': 1.0, '1': 1.0, '0.1': 0.12297734627831715, '0.02': 0.028047464940668825, '0.01': 0.017259978425026967, '0.001': 0.002157497303128371, '0.0001': 0.0}
---> Log AUC: 0.4467

<----------- Common Attack Result (grad diff) ----------->

---> True positive rate at different false positive rate: {'10': 1.0, '1': 1.0, '0.1': 0.08522114347357065, '0.02': 0.019417475728155338, '0.01': 0.012944983818770227, '0.001': 0.0, '0.0001': 0.0}
---> Log AUC: 0.3792

<----------- Common Attack Result (loss based) ----------->

---> True positive rate at different false positive rate: {'10': 1.0, '1': 1.0, '0.1': 0.08306364617044229, '0.02': 0.019417475728155338, '0.01': 0.011866235167206042, '0.001': 0.0, '0.0001': 0.0}
---> Log AUC: 0.3851

<----------- Common Attack Result (grad norm) ----------->

---> True positive rate at different false positive rate: {'10': 1.0, '1': 1.0, '0.1': 0.08414239482200647, '0.02': 0.019417475728155338, '0.01': 0.012944983818770227, '0.001': 0.0, '0.0001': 0.0}
---> Log AUC: 0.3939

==================== Attack at epoch 300 ====================

<----------- FedMIA Attack Result (mode cos) ----------->

---> True positive rate at different false positive rate: {'10': 1.0, '1': 1.0, '0.1': 0.1650485436893204, '0.02': 0.006472491909385114, '0.01': 0.003236245954692557, '0.001': 0.0, '0.0001': 0.0}
---> Log AUC: 0.3235

<----------- FedMIA Attack Result (mode loss) ----------->

---> True positive rate at different false positive rate: {'10': 1.0, '1': 1.0, '0.1': 0.14670981661272922, '0.02': 0.11974110032362459, '0.01': 0.10355987055016182, '0.001': 0.07011866235167206, '0.0001': 0.038834951456310676}
---> Log AUC: 0.7847

<----------- Common Attack Result (cosine attack) ----------->

---> True positive rate at different false positive rate: {'10': 1.0, '1': 0.9989212513484358, '0.1': 0.12189859762675297, '0.02': 0.030204962243797196, '0.01': 0.020496224379719527, '0.001': 0.002157497303128371, '0.0001': 0.0}
---> Log AUC: 0.4839

<----------- Common Attack Result (grad diff) ----------->

---> True positive rate at different false positive rate: {'10': 1.0, '1': 1.0, '0.1': 0.08737864077669903, '0.02': 0.021574973031283712, '0.01': 0.018338727076591153, '0.001': 0.0, '0.0001': 0.0}
---> Log AUC: 0.4182

<----------- Common Attack Result (loss based) ----------->

---> True positive rate at different false positive rate: {'10': 1.0, '1': 1.0, '0.1': 0.08629989212513485, '0.02': 0.022653721682847898, '0.01': 0.018338727076591153, '0.001': 0.0, '0.0001': 0.0}
---> Log AUC: 0.4207

<----------- Common Attack Result (grad norm) ----------->

---> True positive rate at different false positive rate: {'10': 1.0, '1': 1.0, '0.1': 0.08737864077669903, '0.02': 0.021574973031283712, '0.01': 0.018338727076591153, '0.001': 0.0, '0.0001': 0.0}
---> Log AUC: 0.4184

==================== Tổng hợp kết quả các phương pháp tấn công ====================

---------- FedMIA-I (LIRA - Loss) ----------
  - Trung bình train score: 0.6051 (var: 0.0291)
  - Trung bình test score: 0.5696 (var: 0.0021)
  - TPR tại các FPR: {'10': 1.0, '1': 0.866235167206041, '0.1': 0.46062567421790723, '0.02': 0.4120819848975189, '0.01': 0.3926645091693635, '0.001': 0.3441208198489752, '0.0001': 0.32038834951456313}
  - AUC: 0.5913, Log AUC: 0.9178

---------- FedMIA-II (LIRA - Cosine) ----------
  - Trung bình train score: 0.5943 (var: 0.0459)
  - Trung bình test score: 0.5479 (var: 0.0030)
  - TPR tại các FPR: {'10': 1.0, '1': 0.8759439050701187, '0.1': 0.47249190938511326, '0.02': 0.42394822006472493, '0.01': 0.3818770226537217, '0.001': 0.3290183387270766, '0.0001': 0.30312837108953616}
  - AUC: 0.5768, Log AUC: 0.9160

---------- Grad-Cosine (Trung bình) ----------
  - Trung bình train score: 0.0169 (var: 0.0016)
  - Trung bình test score: 0.0089 (var: 0.0001)
  - TPR tại các FPR: {'10': 1.0, '1': 0.8781014023732471, '0.1': 0.40129449838187703, '0.02': 0.34627831715210355, '0.01': 0.3225458468176915, '0.001': 0.2912621359223301, '0.0001': 0.28047464940668826}
  - AUC: 0.5524, Log AUC: 0.9060

---------- Grad-Diff (Trung bình) ----------
  - Trung bình train score: -196.0320 (var: 459734.2338)
  - Trung bình test score: -228.4735 (var: 24878.6472)
  - TPR tại các FPR: {'10': 1.0, '1': 0.9428263214670982, '0.1': 0.7993527508090615, '0.02': 0.7162891046386192, '0.01': 0.6903991370010788, '0.001': 0.540453074433657, '0.0001': 0.4854368932038835}
  - AUC: 0.8639, Log AUC: 0.9597

---------- Grad-Norm (Trung bình) ----------
  - Trung bình train score: 196.1850 (var: 460260.4788)
  - Trung bình test score: 228.4516 (var: 24869.5563)
  - TPR tại các FPR: {'10': 1.0, '1': 0.5145631067961165, '0.1': 0.0895361380798274, '0.02': 0.07874865156418555, '0.01': 0.07335490830636461, '0.001': 0.0668824163969795, '0.0001': 0.05717367853290183}
  - AUC: 0.1362, Log AUC: 0.7740

---------- Blackbox-Loss (Trung bình) ----------
  - Trung bình train score: -0.1400 (var: 0.1285)
  - Trung bình test score: -0.3718 (var: 0.2179)
  - TPR tại các FPR: {'10': 1.0, '1': 1.0, '0.1': 0.7659115426105717, '0.02': 0.6440129449838188, '0.01': 0.6051779935275081, '0.001': 0.517799352750809, '0.0001': 0.38295577130528585}
  - AUC: 0.8538, Log AUC: 0.9491

