{
    "avg_d": {
        "cosine attack": {
            "10": 1.0,
            "1": 0.8781014023732471,
            "0.1": 0.40129449838187703,
            "0.02": 0.34627831715210355,
            "0.01": 0.3225458468176915,
            "0.001": 0.2912621359223301,
            "0.0001": 0.28047464940668826
        },
        "grad diff": {
            "10": 1.0,
            "1": 0.9428263214670982,
            "0.1": 0.7993527508090615,
            "0.02": 0.7162891046386192,
            "0.01": 0.6903991370010788,
            "0.001": 0.540453074433657,
            "0.0001": 0.4854368932038835
        },
        "loss based": {
            "10": 1.0,
            "1": 1.0,
            "0.1": 0.7659115426105717,
            "0.02": 0.6440129449838188,
            "0.01": 0.6051779935275081,
            "0.001": 0.517799352750809,
            "0.0001": 0.38295577130528585
        },
        "grad norm": {
            "10": 1.0,
            "1": 0.5145631067961165,
            "0.1": 0.0895361380798274,
            "0.02": 0.07874865156418555,
            "0.01": 0.07335490830636461,
            "0.001": 0.0668824163969795,
            "0.0001": 0.05717367853290183
        },
        "lira": {
            "10": 1.0,
            "1": 0.8759439050701187,
            "0.1": 0.47249190938511326,
            "0.02": 0.42394822006472493,
            "0.01": 0.3818770226537217,
            "0.001": 0.3290183387270766,
            "0.0001": 0.30312837108953616
        },
        "lira_loss": {
            "10": 1.0,
            "1": 0.866235167206041,
            "0.1": 0.46062567421790723,
            "0.02": 0.4120819848975189,
            "0.01": 0.3926645091693635,
            "0.001": 0.3441208198489752,
            "0.0001": 0.32038834951456313
        }
    },
    "single_score": {
        "cosine attack": 0.009708737864077669,
        "grad diff": 0.002157497303128371,
        "loss based": 0.003236245954692557,
        "grad norm": 0.0010787486515641855,
        "lira": 0.005393743257820928,
        "lira_loss": 0.16936353829557713,
        "single cosine attack_auc": 0.5473552678892485,
        "single grad diff_auc": 0.5033255423708498,
        "single loss based_auc": 0.5179632622065635,
        "single grad norm_auc": 0.5136253945423309,
        "single lira_auc": 0.5494516361021216,
        "single lira_loss_auc": 0.6266418539759909,
        "200 cosine attack": 0.002157497303128371,
        "200 single_cosine attack_auc": 0.5335884374126013,
        "200 grad diff": 0.0010787486515641855,
        "200 single_grad diff_auc": 0.4989735906348636,
        "200 loss based": 0.0,
        "200 single_loss based_auc": 0.511231568924386,
        "200 grad norm": 0.0,
        "200 single_grad norm_auc": 0.5009898517719445,
        "200 lira": 0.0,
        "200 single_lira_auc": 0.538978385073315,
        "200 lira_loss": 0.07982740021574973,
        "200 single_lira_loss_auc": 0.5814885701208699
    },
    "other_scores": {
        "loss_single_epch_score": {
            "10": 1.0,
            "1": 1.0,
            "0.1": 0.08737864077669903,
            "0.02": 0.018338727076591153,
            "0.01": 0.008629989212513484,
            "0.001": 0.0,
            "0.0001": 0.0
        },
        "loss_single_auc": [
            0.5168436741619831,
            0.37333949643069037
        ],
        "lira_loss_auc": [
            0.5912848735303338,
            0.917759082394825
        ],
        "lira_auc": [
            0.5767805345798873,
            0.9160118964896452
        ],
        "cos_attack_auc": [
            0.5524319789044709,
            0.9059831687574422
        ],
        "grad_diff_auc": [
            0.863895880778297,
            0.9597482101647618
        ],
        "grad_norm_auc": [
            0.1361912181869032,
            0.7739507721999109
        ],
        "loss_based_auc": [
            0.8537942371569308,
            0.9491209126284998
        ]
    },
    "accs": [
        0.8064655172413793,
        0.8064655172413793,
        0.8064655172413793,
        0.8064655172413793,
        0.8064655172413793,
        0.8064655172413793,
        0.8064655172413793,
        0.8064655172413793,
        0.8064655172413793,
        0.8064655172413793
    ]
}