1. Thư mục log: log_fedmia/iid/cicmaldroid_K10_N960_mlp_defnone_iid$1_$1_$sgd_local5_s2104
2. Chế độ tấn công: mix
3. Định dạng các file model: log_fedmia/iid/cicmaldroid_K10_N960_mlp_defnone_iid$1_$1_$sgd_local5_s2104/client_{}_losses_epoch{}.pkl
4. Thư mục gốc: log_fedmia/iid
5. Cách xử lý loss: none
8. Số lượng client trong mô hình bóng: 9
9. Seed: 2020
10. Model được sử dụng: mlp

---> Attacking...

==================== Attack at epoch 10 ====================

<----------- FedMIA Attack Result (mode cos) ----------->

---> True positive rate at different false positive rate: {'10': 1.0, '1': 0.9989212513484358, '0.1': 0.1413160733549083, '0.02': 0.03344120819848975, '0.01': 0.017259978425026967, '0.001': 0.0, '0.0001': 0.0}
---> Log AUC: 0.4308

<----------- FedMIA Attack Result (mode loss) ----------->

---> True positive rate at different false positive rate: {'10': 1.0, '1': 0.9989212513484358, '0.1': 0.16073354908306364, '0.02': 0.1111111111111111, '0.01': 0.09385113268608414, '0.001': 0.05177993527508091, '0.0001': 0.05070118662351672}
---> Log AUC: 0.7964

<----------- Common Attack Result (cosine attack) ----------->

---> True positive rate at different false positive rate: {'10': 1.0, '1': 1.0, '0.1': 0.12297734627831715, '0.02': 0.023732470334412083, '0.01': 0.011866235167206042, '0.001': 0.0010787486515641855, '0.0001': 0.0010787486515641855}
---> Log AUC: 0.6014

<----------- Common Attack Result (grad diff) ----------->

---> True positive rate at different false positive rate: {'10': 1.0, '1': 1.0, '0.1': 0.1121898597626753, '0.02': 0.019417475728155338, '0.01': 0.011866235167206042, '0.001': 0.003236245954692557, '0.0001': 0.002157497303128371}
---> Log AUC: 0.6203

<----------- Common Attack Result (loss based) ----------->

---> True positive rate at different false positive rate: {'10': 1.0, '1': 1.0, '0.1': 0.10355987055016182, '0.02': 0.020496224379719527, '0.01': 0.014023732470334413, '0.001': 0.0, '0.0001': 0.0}
---> Log AUC: 0.4063

<----------- Common Attack Result (grad norm) ----------->

---> True positive rate at different false positive rate: {'10': 1.0, '1': 1.0, '0.1': 0.0970873786407767, '0.02': 0.021574973031283712, '0.01': 0.010787486515641856, '0.001': 0.005393743257820928, '0.0001': 0.0}
---> Log AUC: 0.4700

==================== Attack at epoch 20 ====================

<----------- FedMIA Attack Result (mode cos) ----------->

---> True positive rate at different false positive rate: {'10': 1.0, '1': 1.0, '0.1': 0.13160733549083065, '0.02': 0.02912621359223301, '0.01': 0.020496224379719527, '0.001': 0.0010787486515641855, '0.0001': 0.0}
---> Log AUC: 0.4475

<----------- FedMIA Attack Result (mode loss) ----------->

---> True positive rate at different false positive rate: {'10': 1.0, '1': 1.0, '0.1': 0.21790722761596548, '0.02': 0.104638619201726, '0.01': 0.0895361380798274, '0.001': 0.04638619201725998, '0.0001': 0.037756202804746494}
---> Log AUC: 0.7894

<----------- Common Attack Result (cosine attack) ----------->

---> True positive rate at different false positive rate: {'10': 1.0, '1': 0.9989212513484358, '0.1': 0.11003236245954692, '0.02': 0.02696871628910464, '0.01': 0.014023732470334413, '0.001': 0.002157497303128371, '0.0001': 0.0010787486515641855}
---> Log AUC: 0.6084

<----------- Common Attack Result (grad diff) ----------->

---> True positive rate at different false positive rate: {'10': 1.0, '1': 1.0, '0.1': 0.10571736785329018, '0.02': 0.017259978425026967, '0.01': 0.008629989212513484, '0.001': 0.0, '0.0001': 0.0}
---> Log AUC: 0.4045

<----------- Common Attack Result (loss based) ----------->

---> True positive rate at different false positive rate: {'10': 1.0, '1': 1.0, '0.1': 0.11542610571736785, '0.02': 0.0, '0.01': 0.0, '0.001': 0.0, '0.0001': 0.0}
---> Log AUC: 0.4975

<----------- Common Attack Result (grad norm) ----------->

---> True positive rate at different false positive rate: {'10': 1.0, '1': 1.0, '0.1': 0.10032362459546926, '0.02': 0.02481121898597627, '0.01': 0.012944983818770227, '0.001': 0.0, '0.0001': 0.0}
---> Log AUC: 0.3797

==================== Attack at epoch 30 ====================

<----------- FedMIA Attack Result (mode cos) ----------->

---> True positive rate at different false positive rate: {'10': 1.0, '1': 1.0, '0.1': 0.1704422869471413, '0.02': 0.05717367853290183, '0.01': 0.030204962243797196, '0.001': 0.0010787486515641855, '0.0001': 0.0}
---> Log AUC: 0.4625

<----------- FedMIA Attack Result (mode loss) ----------->

---> True positive rate at different false positive rate: {'10': 1.0, '1': 0.9913700107874865, '0.1': 0.19741100323624594, '0.02': 0.1413160733549083, '0.01': 0.11650485436893204, '0.001': 0.08629989212513485, '0.0001': 0.06472491909385113}
---> Log AUC: 0.8145

<----------- Common Attack Result (cosine attack) ----------->

---> True positive rate at different false positive rate: {'10': 1.0, '1': 1.0, '0.1': 0.12837108953613807, '0.02': 0.034519956850053934, '0.01': 0.017259978425026967, '0.001': 0.0, '0.0001': 0.0}
---> Log AUC: 0.4335

<----------- Common Attack Result (grad diff) ----------->

---> True positive rate at different false positive rate: {'10': 1.0, '1': 1.0, '0.1': 0.10355987055016182, '0.02': 0.028047464940668825, '0.01': 0.016181229773462782, '0.001': 0.002157497303128371, '0.0001': 0.0}
---> Log AUC: 0.4431

<----------- Common Attack Result (loss based) ----------->

---> True positive rate at different false positive rate: {'10': 1.0, '1': 1.0, '0.1': 0.11650485436893204, '0.02': 0.022653721682847898, '0.01': 0.007551240560949299, '0.001': 0.0, '0.0001': 0.0}
---> Log AUC: 0.5041

<----------- Common Attack Result (grad norm) ----------->

---> True positive rate at different false positive rate: {'10': 1.0, '1': 1.0, '0.1': 0.09492988133764833, '0.02': 0.021574973031283712, '0.01': 0.008629989212513484, '0.001': 0.002157497303128371, '0.0001': 0.0}
---> Log AUC: 0.4627

==================== Attack at epoch 40 ====================

<----------- FedMIA Attack Result (mode cos) ----------->

---> True positive rate at different false positive rate: {'10': 1.0, '1': 0.9989212513484358, '0.1': 0.11326860841423948, '0.02': 0.021574973031283712, '0.01': 0.010787486515641856, '0.001': 0.0010787486515641855, '0.0001': 0.0}
---> Log AUC: 0.4673

<----------- FedMIA Attack Result (mode loss) ----------->

---> True positive rate at different false positive rate: {'10': 1.0, '1': 0.9644012944983819, '0.1': 0.20064724919093851, '0.02': 0.07551240560949299, '0.01': 0.05825242718446602, '0.001': 0.030204962243797196, '0.0001': 0.02912621359223301}
---> Log AUC: 0.7681

<----------- Common Attack Result (cosine attack) ----------->

---> True positive rate at different false positive rate: {'10': 1.0, '1': 1.0, '0.1': 0.104638619201726, '0.02': 0.017259978425026967, '0.01': 0.009708737864077669, '0.001': 0.006472491909385114, '0.0001': 0.003236245954692557}
---> Log AUC: 0.6416

<----------- Common Attack Result (grad diff) ----------->

---> True positive rate at different false positive rate: {'10': 1.0, '1': 1.0, '0.1': 0.11003236245954692, '0.02': 0.011866235167206042, '0.01': 0.006472491909385114, '0.001': 0.0010787486515641855, '0.0001': 0.0}
---> Log AUC: 0.4484

<----------- Common Attack Result (loss based) ----------->

---> True positive rate at different false positive rate: {'10': 1.0, '1': 1.0, '0.1': 0.10248112189859762, '0.02': 0.0, '0.01': 0.0, '0.001': 0.0, '0.0001': 0.0}
---> Log AUC: 0.5042

<----------- Common Attack Result (grad norm) ----------->

---> True positive rate at different false positive rate: {'10': 1.0, '1': 1.0, '0.1': 0.08629989212513485, '0.02': 0.009708737864077669, '0.01': 0.003236245954692557, '0.001': 0.0, '0.0001': 0.0}
---> Log AUC: 0.3360

==================== Attack at epoch 50 ====================

<----------- FedMIA Attack Result (mode cos) ----------->

---> True positive rate at different false positive rate: {'10': 1.0, '1': 1.0, '0.1': 0.12837108953613807, '0.02': 0.034519956850053934, '0.01': 0.022653721682847898, '0.001': 0.002157497303128371, '0.0001': 0.0010787486515641855}
---> Log AUC: 0.6186

<----------- FedMIA Attack Result (mode loss) ----------->

---> True positive rate at different false positive rate: {'10': 1.0, '1': 1.0, '0.1': 0.18338727076591155, '0.02': 0.1121898597626753, '0.01': 0.08629989212513485, '0.001': 0.0593311758360302, '0.0001': 0.042071197411003236}
---> Log AUC: 0.7934

<----------- Common Attack Result (cosine attack) ----------->

---> True positive rate at different false positive rate: {'10': 1.0, '1': 1.0, '0.1': 0.12081984897518878, '0.02': 0.038834951456310676, '0.01': 0.019417475728155338, '0.001': 0.0010787486515641855, '0.0001': 0.0010787486515641855}
---> Log AUC: 0.6017

<----------- Common Attack Result (grad diff) ----------->

---> True positive rate at different false positive rate: {'10': 1.0, '1': 1.0, '0.1': 0.10787486515641856, '0.02': 0.032362459546925564, '0.01': 0.014023732470334413, '0.001': 0.005393743257820928, '0.0001': 0.0}
---> Log AUC: 0.4842

<----------- Common Attack Result (loss based) ----------->

---> True positive rate at different false positive rate: {'10': 1.0, '1': 1.0, '0.1': 0.07766990291262135, '0.02': 0.0, '0.01': 0.0, '0.001': 0.0, '0.0001': 0.0}
---> Log AUC: 0.5057

<----------- Common Attack Result (grad norm) ----------->

---> True positive rate at different false positive rate: {'10': 1.0, '1': 1.0, '0.1': 0.1121898597626753, '0.02': 0.032362459546925564, '0.01': 0.014023732470334413, '0.001': 0.0010787486515641855, '0.0001': 0.0}
---> Log AUC: 0.4419

==================== Attack at epoch 60 ====================

<----------- FedMIA Attack Result (mode cos) ----------->

---> True positive rate at different false positive rate: {'10': 1.0, '1': 1.0, '0.1': 0.12297734627831715, '0.02': 0.019417475728155338, '0.01': 0.007551240560949299, '0.001': 0.0, '0.0001': 0.0}
---> Log AUC: 0.4065

<----------- FedMIA Attack Result (mode loss) ----------->

---> True positive rate at different false positive rate: {'10': 1.0, '1': 0.9946062567421791, '0.1': 0.13052858683926646, '0.02': 0.0895361380798274, '0.01': 0.07766990291262135, '0.001': 0.04746494066882417, '0.0001': 0.045307443365695796}
---> Log AUC: 0.7789

<----------- Common Attack Result (cosine attack) ----------->

---> True positive rate at different false positive rate: {'10': 1.0, '1': 1.0, '0.1': 0.10571736785329018, '0.02': 0.020496224379719527, '0.01': 0.009708737864077669, '0.001': 0.002157497303128371, '0.0001': 0.0010787486515641855}
---> Log AUC: 0.5955

<----------- Common Attack Result (grad diff) ----------->

---> True positive rate at different false positive rate: {'10': 1.0, '1': 1.0, '0.1': 0.10032362459546926, '0.02': 0.020496224379719527, '0.01': 0.012944983818770227, '0.001': 0.0, '0.0001': 0.0}
---> Log AUC: 0.3945

<----------- Common Attack Result (loss based) ----------->

---> True positive rate at different false positive rate: {'10': 1.0, '1': 1.0, '0.1': 0.1111111111111111, '0.02': 0.0, '0.01': 0.0, '0.001': 0.0, '0.0001': 0.0}
---> Log AUC: 0.3473

<----------- Common Attack Result (grad norm) ----------->

---> True positive rate at different false positive rate: {'10': 1.0, '1': 1.0, '0.1': 0.09600862998921252, '0.02': 0.017259978425026967, '0.01': 0.010787486515641856, '0.001': 0.0, '0.0001': 0.0}
---> Log AUC: 0.4310

==================== Attack at epoch 70 ====================

<----------- FedMIA Attack Result (mode cos) ----------->

---> True positive rate at different false positive rate: {'10': 1.0, '1': 1.0, '0.1': 0.15641855447680691, '0.02': 0.034519956850053934, '0.01': 0.014023732470334413, '0.001': 0.003236245954692557, '0.0001': 0.002157497303128371}
---> Log AUC: 0.6350

<----------- FedMIA Attack Result (mode loss) ----------->

---> True positive rate at different false positive rate: {'10': 1.0, '1': 1.0, '0.1': 0.1715210355987055, '0.02': 0.08737864077669903, '0.01': 0.06796116504854369, '0.001': 0.032362459546925564, '0.0001': 0.028047464940668825}
---> Log AUC: 0.7684

<----------- Common Attack Result (cosine attack) ----------->

---> True positive rate at different false positive rate: {'10': 1.0, '1': 0.9978425026968716, '0.1': 0.16612729234088458, '0.02': 0.032362459546925564, '0.01': 0.014023732470334413, '0.001': 0.003236245954692557, '0.0001': 0.0}
---> Log AUC: 0.4819

<----------- Common Attack Result (grad diff) ----------->

---> True positive rate at different false positive rate: {'10': 1.0, '1': 1.0, '0.1': 0.12081984897518878, '0.02': 0.022653721682847898, '0.01': 0.014023732470334413, '0.001': 0.0, '0.0001': 0.0}
---> Log AUC: 0.4124

<----------- Common Attack Result (loss based) ----------->

---> True positive rate at different false positive rate: {'10': 1.0, '1': 1.0, '0.1': 0.11650485436893204, '0.02': 0.0, '0.01': 0.0, '0.001': 0.0, '0.0001': 0.0}
---> Log AUC: 0.5102

<----------- Common Attack Result (grad norm) ----------->

---> True positive rate at different false positive rate: {'10': 1.0, '1': 1.0, '0.1': 0.09492988133764833, '0.02': 0.020496224379719527, '0.01': 0.010787486515641856, '0.001': 0.0010787486515641855, '0.0001': 0.0010787486515641855}
---> Log AUC: 0.5797

==================== Attack at epoch 80 ====================

<----------- FedMIA Attack Result (mode cos) ----------->

---> True positive rate at different false positive rate: {'10': 1.0, '1': 1.0, '0.1': 0.09169363538295577, '0.02': 0.012944983818770227, '0.01': 0.006472491909385114, '0.001': 0.0, '0.0001': 0.0}
---> Log AUC: 0.3393

<----------- FedMIA Attack Result (mode loss) ----------->

---> True positive rate at different false positive rate: {'10': 1.0, '1': 0.9309600862998921, '0.1': 0.20280474649406688, '0.02': 0.1348435814455232, '0.01': 0.11758360302049622, '0.001': 0.042071197411003236, '0.0001': 0.021574973031283712}
---> Log AUC: 0.7699

<----------- Common Attack Result (cosine attack) ----------->

---> True positive rate at different false positive rate: {'10': 1.0, '1': 1.0, '0.1': 0.12189859762675297, '0.02': 0.02696871628910464, '0.01': 0.009708737864077669, '0.001': 0.002157497303128371, '0.0001': 0.002157497303128371}
---> Log AUC: 0.6138

<----------- Common Attack Result (grad diff) ----------->

---> True positive rate at different false positive rate: {'10': 1.0, '1': 1.0, '0.1': 0.11326860841423948, '0.02': 0.016181229773462782, '0.01': 0.006472491909385114, '0.001': 0.0, '0.0001': 0.0}
---> Log AUC: 0.3652

<----------- Common Attack Result (loss based) ----------->

---> True positive rate at different false positive rate: {'10': 1.0, '1': 1.0, '0.1': 0.11003236245954692, '0.02': 0.028047464940668825, '0.01': 0.011866235167206042, '0.001': 0.0, '0.0001': 0.0}
---> Log AUC: 0.4395

<----------- Common Attack Result (grad norm) ----------->

---> True positive rate at different false positive rate: {'10': 1.0, '1': 1.0, '0.1': 0.0970873786407767, '0.02': 0.020496224379719527, '0.01': 0.007551240560949299, '0.001': 0.0010787486515641855, '0.0001': 0.0}
---> Log AUC: 0.4491

==================== Attack at epoch 90 ====================

<----------- FedMIA Attack Result (mode cos) ----------->

---> True positive rate at different false positive rate: {'10': 1.0, '1': 1.0, '0.1': 0.1866235167206041, '0.02': 0.043149946062567425, '0.01': 0.028047464940668825, '0.001': 0.006472491909385114, '0.0001': 0.0010787486515641855}
---> Log AUC: 0.6268

<----------- FedMIA Attack Result (mode loss) ----------->

---> True positive rate at different false positive rate: {'10': 1.0, '1': 1.0, '0.1': 0.23516720604099245, '0.02': 0.13268608414239483, '0.01': 0.11003236245954692, '0.001': 0.05070118662351672, '0.0001': 0.028047464940668825}
---> Log AUC: 0.7884

<----------- Common Attack Result (cosine attack) ----------->

---> True positive rate at different false positive rate: {'10': 1.0, '1': 1.0, '0.1': 0.14778856526429343, '0.02': 0.030204962243797196, '0.01': 0.018338727076591153, '0.001': 0.005393743257820928, '0.0001': 0.0010787486515641855}
---> Log AUC: 0.6141

<----------- Common Attack Result (grad diff) ----------->

---> True positive rate at different false positive rate: {'10': 1.0, '1': 0.9978425026968716, '0.1': 0.0895361380798274, '0.02': 0.015102481121898598, '0.01': 0.011866235167206042, '0.001': 0.0010787486515641855, '0.0001': 0.0010787486515641855}
---> Log AUC: 0.5788

<----------- Common Attack Result (loss based) ----------->

---> True positive rate at different false positive rate: {'10': 1.0, '1': 1.0, '0.1': 0.12081984897518878, '0.02': 0.0, '0.01': 0.0, '0.001': 0.0, '0.0001': 0.0}
---> Log AUC: 0.5103

<----------- Common Attack Result (grad norm) ----------->

---> True positive rate at different false positive rate: {'10': 1.0, '1': 0.9978425026968716, '0.1': 0.12837108953613807, '0.02': 0.02912621359223301, '0.01': 0.012944983818770227, '0.001': 0.002157497303128371, '0.0001': 0.0}
---> Log AUC: 0.4752

==================== Attack at epoch 100 ====================

<----------- FedMIA Attack Result (mode cos) ----------->

---> True positive rate at different false positive rate: {'10': 1.0, '1': 1.0, '0.1': 0.15210355987055016, '0.02': 0.04962243797195254, '0.01': 0.03344120819848975, '0.001': 0.0, '0.0001': 0.0}
---> Log AUC: 0.4600

<----------- FedMIA Attack Result (mode loss) ----------->

---> True positive rate at different false positive rate: {'10': 1.0, '1': 0.9989212513484358, '0.1': 0.2168284789644013, '0.02': 0.11434735706580366, '0.01': 0.10248112189859762, '0.001': 0.07119741100323625, '0.0001': 0.0593311758360302}
---> Log AUC: 0.8102

<----------- Common Attack Result (cosine attack) ----------->

---> True positive rate at different false positive rate: {'10': 1.0, '1': 1.0, '0.1': 0.12837108953613807, '0.02': 0.039913700107874865, '0.01': 0.022653721682847898, '0.001': 0.005393743257820928, '0.0001': 0.0}
---> Log AUC: 0.4937

<----------- Common Attack Result (grad diff) ----------->

---> True positive rate at different false positive rate: {'10': 1.0, '1': 1.0, '0.1': 0.08306364617044229, '0.02': 0.014023732470334413, '0.01': 0.006472491909385114, '0.001': 0.0, '0.0001': 0.0}
---> Log AUC: 0.3246

<----------- Common Attack Result (loss based) ----------->

---> True positive rate at different false positive rate: {'10': 1.0, '1': 1.0, '0.1': 0.11326860841423948, '0.02': 0.02481121898597627, '0.01': 0.0, '0.001': 0.0, '0.0001': 0.0}
---> Log AUC: 0.5093

<----------- Common Attack Result (grad norm) ----------->

---> True positive rate at different false positive rate: {'10': 1.0, '1': 1.0, '0.1': 0.11434735706580366, '0.02': 0.03128371089536138, '0.01': 0.023732470334412083, '0.001': 0.0, '0.0001': 0.0}
---> Log AUC: 0.4366

==================== Attack at epoch 110 ====================

<----------- FedMIA Attack Result (mode cos) ----------->

---> True positive rate at different false positive rate: {'10': 1.0, '1': 1.0, '0.1': 0.15102481121898598, '0.02': 0.05285868392664509, '0.01': 0.02912621359223301, '0.001': 0.002157497303128371, '0.0001': 0.0}
---> Log AUC: 0.4649

<----------- FedMIA Attack Result (mode loss) ----------->

---> True positive rate at different false positive rate: {'10': 1.0, '1': 0.9989212513484358, '0.1': 0.25782092772384035, '0.02': 0.19201725997842503, '0.01': 0.15210355987055016, '0.001': 0.034519956850053934, '0.0001': 0.02481121898597627}
---> Log AUC: 0.7810

<----------- Common Attack Result (cosine attack) ----------->

---> True positive rate at different false positive rate: {'10': 1.0, '1': 1.0, '0.1': 0.13052858683926646, '0.02': 0.05177993527508091, '0.01': 0.028047464940668825, '0.001': 0.005393743257820928, '0.0001': 0.0010787486515641855}
---> Log AUC: 0.6335

<----------- Common Attack Result (grad diff) ----------->

---> True positive rate at different false positive rate: {'10': 1.0, '1': 1.0, '0.1': 0.0970873786407767, '0.02': 0.014023732470334413, '0.01': 0.007551240560949299, '0.001': 0.0010787486515641855, '0.0001': 0.0}
---> Log AUC: 0.4440

<----------- Common Attack Result (loss based) ----------->

---> True positive rate at different false positive rate: {'10': 1.0, '1': 1.0, '0.1': 0.11003236245954692, '0.02': 0.022653721682847898, '0.01': 0.007551240560949299, '0.001': 0.0, '0.0001': 0.0}
---> Log AUC: 0.4155

<----------- Common Attack Result (grad norm) ----------->

---> True positive rate at different false positive rate: {'10': 1.0, '1': 1.0, '0.1': 0.09277238403451996, '0.02': 0.019417475728155338, '0.01': 0.012944983818770227, '0.001': 0.0, '0.0001': 0.0}
---> Log AUC: 0.4049

==================== Attack at epoch 120 ====================

<----------- FedMIA Attack Result (mode cos) ----------->

---> True positive rate at different false positive rate: {'10': 1.0, '1': 1.0, '0.1': 0.12297734627831715, '0.02': 0.036677454153182305, '0.01': 0.015102481121898598, '0.001': 0.0010787486515641855, '0.0001': 0.0010787486515641855}
---> Log AUC: 0.6058

<----------- FedMIA Attack Result (mode loss) ----------->

---> True positive rate at different false positive rate: {'10': 1.0, '1': 1.0, '0.1': 0.21035598705501618, '0.02': 0.12944983818770225, '0.01': 0.11650485436893204, '0.001': 0.06903991370010787, '0.0001': 0.05501618122977346}
---> Log AUC: 0.8088

<----------- Common Attack Result (cosine attack) ----------->

---> True positive rate at different false positive rate: {'10': 1.0, '1': 1.0, '0.1': 0.13052858683926646, '0.02': 0.032362459546925564, '0.01': 0.009708737864077669, '0.001': 0.0, '0.0001': 0.0}
---> Log AUC: 0.4061

<----------- Common Attack Result (grad diff) ----------->

---> True positive rate at different false positive rate: {'10': 1.0, '1': 1.0, '0.1': 0.10248112189859762, '0.02': 0.018338727076591153, '0.01': 0.006472491909385114, '0.001': 0.0, '0.0001': 0.0}
---> Log AUC: 0.4140

<----------- Common Attack Result (loss based) ----------->

---> True positive rate at different false positive rate: {'10': 1.0, '1': 1.0, '0.1': 0.11758360302049622, '0.02': 0.023732470334412083, '0.01': 0.0, '0.001': 0.0, '0.0001': 0.0}
---> Log AUC: 0.5098

<----------- Common Attack Result (grad norm) ----------->

---> True positive rate at different false positive rate: {'10': 1.0, '1': 1.0, '0.1': 0.104638619201726, '0.02': 0.012944983818770227, '0.01': 0.004314994606256742, '0.001': 0.0, '0.0001': 0.0}
---> Log AUC: 0.3641

==================== Attack at epoch 130 ====================

<----------- FedMIA Attack Result (mode cos) ----------->

---> True positive rate at different false positive rate: {'10': 1.0, '1': 0.9989212513484358, '0.1': 0.13052858683926646, '0.02': 0.032362459546925564, '0.01': 0.014023732470334413, '0.001': 0.003236245954692557, '0.0001': 0.0}
---> Log AUC: 0.4887

<----------- FedMIA Attack Result (mode loss) ----------->

---> True positive rate at different false positive rate: {'10': 1.0, '1': 0.9881337648327939, '0.1': 0.24163969795037757, '0.02': 0.1121898597626753, '0.01': 0.09277238403451996, '0.001': 0.05393743257820928, '0.0001': 0.04638619201725998}
---> Log AUC: 0.7975

<----------- Common Attack Result (cosine attack) ----------->

---> True positive rate at different false positive rate: {'10': 1.0, '1': 1.0, '0.1': 0.13807982740021574, '0.02': 0.03344120819848975, '0.01': 0.018338727076591153, '0.001': 0.0, '0.0001': 0.0}
---> Log AUC: 0.4051

<----------- Common Attack Result (grad diff) ----------->

---> True positive rate at different false positive rate: {'10': 1.0, '1': 1.0, '0.1': 0.09600862998921252, '0.02': 0.021574973031283712, '0.01': 0.010787486515641856, '0.001': 0.0010787486515641855, '0.0001': 0.0}
---> Log AUC: 0.4610

<----------- Common Attack Result (loss based) ----------->

---> True positive rate at different false positive rate: {'10': 1.0, '1': 1.0, '0.1': 0.12297734627831715, '0.02': 0.021574973031283712, '0.01': 0.005393743257820928, '0.001': 0.0, '0.0001': 0.0}
---> Log AUC: 0.4732

<----------- Common Attack Result (grad norm) ----------->

---> True positive rate at different false positive rate: {'10': 1.0, '1': 1.0, '0.1': 0.10248112189859762, '0.02': 0.021574973031283712, '0.01': 0.010787486515641856, '0.001': 0.0, '0.0001': 0.0}
---> Log AUC: 0.4217

==================== Attack at epoch 140 ====================

<----------- FedMIA Attack Result (mode cos) ----------->

---> True positive rate at different false positive rate: {'10': 1.0, '1': 1.0, '0.1': 0.13915857605177995, '0.02': 0.042071197411003236, '0.01': 0.021574973031283712, '0.001': 0.005393743257820928, '0.0001': 0.0}
---> Log AUC: 0.4883

<----------- FedMIA Attack Result (mode loss) ----------->

---> True positive rate at different false positive rate: {'10': 1.0, '1': 1.0, '0.1': 0.3063646170442287, '0.02': 0.18015102481121897, '0.01': 0.12297734627831715, '0.001': 0.05177993527508091, '0.0001': 0.03559870550161812}
---> Log AUC: 0.8037

<----------- Common Attack Result (cosine attack) ----------->

---> True positive rate at different false positive rate: {'10': 1.0, '1': 1.0, '0.1': 0.14455231930960086, '0.02': 0.03559870550161812, '0.01': 0.016181229773462782, '0.001': 0.0010787486515641855, '0.0001': 0.0}
---> Log AUC: 0.4431

<----------- Common Attack Result (grad diff) ----------->

---> True positive rate at different false positive rate: {'10': 1.0, '1': 0.9989212513484358, '0.1': 0.0970873786407767, '0.02': 0.023732470334412083, '0.01': 0.008629989212513484, '0.001': 0.0010787486515641855, '0.0001': 0.0}
---> Log AUC: 0.4322

<----------- Common Attack Result (loss based) ----------->

---> True positive rate at different false positive rate: {'10': 1.0, '1': 1.0, '0.1': 0.12189859762675297, '0.02': 0.0, '0.01': 0.0, '0.001': 0.0, '0.0001': 0.0}
---> Log AUC: 0.5060

<----------- Common Attack Result (grad norm) ----------->

---> True positive rate at different false positive rate: {'10': 1.0, '1': 0.9989212513484358, '0.1': 0.11542610571736785, '0.02': 0.025889967637540454, '0.01': 0.014023732470334413, '0.001': 0.0, '0.0001': 0.0}
---> Log AUC: 0.4111

==================== Attack at epoch 150 ====================

<----------- FedMIA Attack Result (mode cos) ----------->

---> True positive rate at different false positive rate: {'10': 1.0, '1': 1.0, '0.1': 0.1715210355987055, '0.02': 0.05070118662351672, '0.01': 0.032362459546925564, '0.001': 0.002157497303128371, '0.0001': 0.0010787486515641855}
---> Log AUC: 0.6282

<----------- FedMIA Attack Result (mode loss) ----------->

---> True positive rate at different false positive rate: {'10': 1.0, '1': 0.9967637540453075, '0.1': 0.23516720604099245, '0.02': 0.12944983818770225, '0.01': 0.11326860841423948, '0.001': 0.06796116504854369, '0.0001': 0.05177993527508091}
---> Log AUC: 0.8072

<----------- Common Attack Result (cosine attack) ----------->

---> True positive rate at different false positive rate: {'10': 1.0, '1': 1.0, '0.1': 0.13915857605177995, '0.02': 0.040992448759439054, '0.01': 0.032362459546925564, '0.001': 0.003236245954692557, '0.0001': 0.002157497303128371}
---> Log AUC: 0.6425

<----------- Common Attack Result (grad diff) ----------->

---> True positive rate at different false positive rate: {'10': 1.0, '1': 1.0, '0.1': 0.07551240560949299, '0.02': 0.007551240560949299, '0.01': 0.004314994606256742, '0.001': 0.0, '0.0001': 0.0}
---> Log AUC: 0.3767

<----------- Common Attack Result (loss based) ----------->

---> True positive rate at different false positive rate: {'10': 1.0, '1': 1.0, '0.1': 0.11434735706580366, '0.02': 0.0, '0.01': 0.0, '0.001': 0.0, '0.0001': 0.0}
---> Log AUC: 0.5080

<----------- Common Attack Result (grad norm) ----------->

---> True positive rate at different false positive rate: {'10': 1.0, '1': 1.0, '0.1': 0.11434735706580366, '0.02': 0.022653721682847898, '0.01': 0.011866235167206042, '0.001': 0.004314994606256742, '0.0001': 0.0}
---> Log AUC: 0.4719

==================== Attack at epoch 160 ====================

<----------- FedMIA Attack Result (mode cos) ----------->

---> True positive rate at different false positive rate: {'10': 1.0, '1': 1.0, '0.1': 0.17691477885652643, '0.02': 0.03128371089536138, '0.01': 0.017259978425026967, '0.001': 0.002157497303128371, '0.0001': 0.0}
---> Log AUC: 0.4796

<----------- FedMIA Attack Result (mode loss) ----------->

---> True positive rate at different false positive rate: {'10': 1.0, '1': 0.9935275080906149, '0.1': 0.23516720604099245, '0.02': 0.1348435814455232, '0.01': 0.10571736785329018, '0.001': 0.043149946062567425, '0.0001': 0.028047464940668825}
---> Log AUC: 0.7851

<----------- Common Attack Result (cosine attack) ----------->

---> True positive rate at different false positive rate: {'10': 1.0, '1': 0.9978425026968716, '0.1': 0.13052858683926646, '0.02': 0.03128371089536138, '0.01': 0.012944983818770227, '0.001': 0.003236245954692557, '0.0001': 0.003236245954692557}
---> Log AUC: 0.6389

<----------- Common Attack Result (grad diff) ----------->

---> True positive rate at different false positive rate: {'10': 1.0, '1': 1.0, '0.1': 0.11326860841423948, '0.02': 0.028047464940668825, '0.01': 0.015102481121898598, '0.001': 0.002157497303128371, '0.0001': 0.0}
---> Log AUC: 0.4419

<----------- Common Attack Result (loss based) ----------->

---> True positive rate at different false positive rate: {'10': 1.0, '1': 1.0, '0.1': 0.11650485436893204, '0.02': 0.017259978425026967, '0.01': 0.0, '0.001': 0.0, '0.0001': 0.0}
---> Log AUC: 0.5005

<----------- Common Attack Result (grad norm) ----------->

---> True positive rate at different false positive rate: {'10': 1.0, '1': 1.0, '0.1': 0.09924487594390508, '0.02': 0.023732470334412083, '0.01': 0.011866235167206042, '0.001': 0.003236245954692557, '0.0001': 0.0}
---> Log AUC: 0.4805

==================== Attack at epoch 170 ====================

<----------- FedMIA Attack Result (mode cos) ----------->

---> True positive rate at different false positive rate: {'10': 1.0, '1': 1.0, '0.1': 0.16720604099244876, '0.02': 0.05717367853290183, '0.01': 0.032362459546925564, '0.001': 0.009708737864077669, '0.0001': 0.007551240560949299}
---> Log AUC: 0.7017

<----------- FedMIA Attack Result (mode loss) ----------->

---> True positive rate at different false positive rate: {'10': 1.0, '1': 0.9989212513484358, '0.1': 0.3268608414239482, '0.02': 0.19201725997842503, '0.01': 0.15965480043149946, '0.001': 0.0895361380798274, '0.0001': 0.08737864077669903}
---> Log AUC: 0.8389

<----------- Common Attack Result (cosine attack) ----------->

---> True positive rate at different false positive rate: {'10': 1.0, '1': 1.0, '0.1': 0.13052858683926646, '0.02': 0.036677454153182305, '0.01': 0.025889967637540454, '0.001': 0.009708737864077669, '0.0001': 0.002157497303128371}
---> Log AUC: 0.6551

<----------- Common Attack Result (grad diff) ----------->

---> True positive rate at different false positive rate: {'10': 1.0, '1': 1.0, '0.1': 0.10571736785329018, '0.02': 0.018338727076591153, '0.01': 0.008629989212513484, '0.001': 0.0, '0.0001': 0.0}
---> Log AUC: 0.4080

<----------- Common Attack Result (loss based) ----------->

---> True positive rate at different false positive rate: {'10': 1.0, '1': 1.0, '0.1': 0.1111111111111111, '0.02': 0.0, '0.01': 0.0, '0.001': 0.0, '0.0001': 0.0}
---> Log AUC: 0.5010

<----------- Common Attack Result (grad norm) ----------->

---> True positive rate at different false positive rate: {'10': 1.0, '1': 1.0, '0.1': 0.10571736785329018, '0.02': 0.02481121898597627, '0.01': 0.010787486515641856, '0.001': 0.002157497303128371, '0.0001': 0.0010787486515641855}
---> Log AUC: 0.5988

==================== Attack at epoch 180 ====================

<----------- FedMIA Attack Result (mode cos) ----------->

---> True positive rate at different false positive rate: {'10': 1.0, '1': 1.0, '0.1': 0.15965480043149946, '0.02': 0.02912621359223301, '0.01': 0.012944983818770227, '0.001': 0.0010787486515641855, '0.0001': 0.0}
---> Log AUC: 0.4644

<----------- FedMIA Attack Result (mode loss) ----------->

---> True positive rate at different false positive rate: {'10': 1.0, '1': 1.0, '0.1': 0.2923408845738943, '0.02': 0.1499460625674218, '0.01': 0.12513484358144553, '0.001': 0.07659115426105717, '0.0001': 0.07659115426105717}
---> Log AUC: 0.8284

<----------- Common Attack Result (cosine attack) ----------->

---> True positive rate at different false positive rate: {'10': 1.0, '1': 1.0, '0.1': 0.15318230852211434, '0.02': 0.032362459546925564, '0.01': 0.021574973031283712, '0.001': 0.004314994606256742, '0.0001': 0.003236245954692557}
---> Log AUC: 0.6524

<----------- Common Attack Result (grad diff) ----------->

---> True positive rate at different false positive rate: {'10': 1.0, '1': 1.0, '0.1': 0.09061488673139159, '0.02': 0.015102481121898598, '0.01': 0.010787486515641856, '0.001': 0.0, '0.0001': 0.0}
---> Log AUC: 0.3491

<----------- Common Attack Result (loss based) ----------->

---> True positive rate at different false positive rate: {'10': 1.0, '1': 1.0, '0.1': 0.09924487594390508, '0.02': 0.020496224379719527, '0.01': 0.0010787486515641855, '0.001': 0.0, '0.0001': 0.0}
---> Log AUC: 0.4730

<----------- Common Attack Result (grad norm) ----------->

---> True positive rate at different false positive rate: {'10': 1.0, '1': 1.0, '0.1': 0.10355987055016182, '0.02': 0.020496224379719527, '0.01': 0.005393743257820928, '0.001': 0.002157497303128371, '0.0001': 0.0010787486515641855}
---> Log AUC: 0.5829

==================== Attack at epoch 190 ====================

<----------- FedMIA Attack Result (mode cos) ----------->

---> True positive rate at different false positive rate: {'10': 1.0, '1': 1.0, '0.1': 0.1704422869471413, '0.02': 0.04422869471413161, '0.01': 0.016181229773462782, '0.001': 0.005393743257820928, '0.0001': 0.0}
---> Log AUC: 0.4949

<----------- FedMIA Attack Result (mode loss) ----------->

---> True positive rate at different false positive rate: {'10': 1.0, '1': 1.0, '0.1': 0.26105717367853293, '0.02': 0.15965480043149946, '0.01': 0.1413160733549083, '0.001': 0.09385113268608414, '0.0001': 0.045307443365695796}
---> Log AUC: 0.8153

<----------- Common Attack Result (cosine attack) ----------->

---> True positive rate at different false positive rate: {'10': 1.0, '1': 1.0, '0.1': 0.14347357065803668, '0.02': 0.03559870550161812, '0.01': 0.015102481121898598, '0.001': 0.004314994606256742, '0.0001': 0.0010787486515641855}
---> Log AUC: 0.6162

<----------- Common Attack Result (grad diff) ----------->

---> True positive rate at different false positive rate: {'10': 1.0, '1': 1.0, '0.1': 0.11003236245954692, '0.02': 0.023732470334412083, '0.01': 0.010787486515641856, '0.001': 0.0010787486515641855, '0.0001': 0.0}
---> Log AUC: 0.4539

<----------- Common Attack Result (loss based) ----------->

---> True positive rate at different false positive rate: {'10': 1.0, '1': 1.0, '0.1': 0.11650485436893204, '0.02': 0.020496224379719527, '0.01': 0.0, '0.001': 0.0, '0.0001': 0.0}
---> Log AUC: 0.5143

<----------- Common Attack Result (grad norm) ----------->

---> True positive rate at different false positive rate: {'10': 1.0, '1': 1.0, '0.1': 0.09277238403451996, '0.02': 0.020496224379719527, '0.01': 0.011866235167206042, '0.001': 0.0, '0.0001': 0.0}
---> Log AUC: 0.4245

==================== Attack at epoch 200 ====================

<----------- FedMIA Attack Result (mode cos) ----------->

---> True positive rate at different false positive rate: {'10': 1.0, '1': 0.9989212513484358, '0.1': 0.1704422869471413, '0.02': 0.037756202804746494, '0.01': 0.020496224379719527, '0.001': 0.002157497303128371, '0.0001': 0.0}
---> Log AUC: 0.4864

<----------- FedMIA Attack Result (mode loss) ----------->

---> True positive rate at different false positive rate: {'10': 1.0, '1': 0.9158576051779935, '0.1': 0.28047464940668826, '0.02': 0.16073354908306364, '0.01': 0.1413160733549083, '0.001': 0.07766990291262135, '0.0001': 0.06472491909385113}
---> Log AUC: 0.8253

<----------- Common Attack Result (cosine attack) ----------->

---> True positive rate at different false positive rate: {'10': 1.0, '1': 1.0, '0.1': 0.1423948220064725, '0.02': 0.042071197411003236, '0.01': 0.019417475728155338, '0.001': 0.002157497303128371, '0.0001': 0.0010787486515641855}
---> Log AUC: 0.6080

<----------- Common Attack Result (grad diff) ----------->

---> True positive rate at different false positive rate: {'10': 1.0, '1': 1.0, '0.1': 0.10032362459546926, '0.02': 0.014023732470334413, '0.01': 0.008629989212513484, '0.001': 0.002157497303128371, '0.0001': 0.0010787486515641855}
---> Log AUC: 0.5864

<----------- Common Attack Result (loss based) ----------->

---> True positive rate at different false positive rate: {'10': 1.0, '1': 1.0, '0.1': 0.12081984897518878, '0.02': 0.019417475728155338, '0.01': 0.019417475728155338, '0.001': 0.0, '0.0001': 0.0}
---> Log AUC: 0.5230

<----------- Common Attack Result (grad norm) ----------->

---> True positive rate at different false positive rate: {'10': 1.0, '1': 1.0, '0.1': 0.11434735706580366, '0.02': 0.028047464940668825, '0.01': 0.018338727076591153, '0.001': 0.004314994606256742, '0.0001': 0.0010787486515641855}
---> Log AUC: 0.6079

==================== Attack at epoch 210 ====================

<----------- FedMIA Attack Result (mode cos) ----------->

---> True positive rate at different false positive rate: {'10': 1.0, '1': 1.0, '0.1': 0.18230852211434737, '0.02': 0.038834951456310676, '0.01': 0.021574973031283712, '0.001': 0.0, '0.0001': 0.0}
---> Log AUC: 0.4466

<----------- FedMIA Attack Result (mode loss) ----------->

---> True positive rate at different false positive rate: {'10': 1.0, '1': 0.9989212513484358, '0.1': 0.3074433656957929, '0.02': 0.1704422869471413, '0.01': 0.1186623516720604, '0.001': 0.07551240560949299, '0.0001': 0.037756202804746494}
---> Log AUC: 0.8066

<----------- Common Attack Result (cosine attack) ----------->

---> True positive rate at different false positive rate: {'10': 1.0, '1': 1.0, '0.1': 0.1553398058252427, '0.02': 0.034519956850053934, '0.01': 0.016181229773462782, '0.001': 0.0010787486515641855, '0.0001': 0.0}
---> Log AUC: 0.4535

<----------- Common Attack Result (grad diff) ----------->

---> True positive rate at different false positive rate: {'10': 1.0, '1': 1.0, '0.1': 0.09492988133764833, '0.02': 0.017259978425026967, '0.01': 0.008629989212513484, '0.001': 0.0, '0.0001': 0.0}
---> Log AUC: 0.4086

<----------- Common Attack Result (loss based) ----------->

---> True positive rate at different false positive rate: {'10': 1.0, '1': 1.0, '0.1': 0.10787486515641856, '0.02': 0.021574973031283712, '0.01': 0.0, '0.001': 0.0, '0.0001': 0.0}
---> Log AUC: 0.5118

<----------- Common Attack Result (grad norm) ----------->

---> True positive rate at different false positive rate: {'10': 1.0, '1': 1.0, '0.1': 0.10140237324703344, '0.02': 0.018338727076591153, '0.01': 0.014023732470334413, '0.001': 0.0, '0.0001': 0.0}
---> Log AUC: 0.4199

==================== Attack at epoch 220 ====================

<----------- FedMIA Attack Result (mode cos) ----------->

---> True positive rate at different false positive rate: {'10': 1.0, '1': 1.0, '0.1': 0.1423948220064725, '0.02': 0.04962243797195254, '0.01': 0.022653721682847898, '0.001': 0.003236245954692557, '0.0001': 0.002157497303128371}
---> Log AUC: 0.6425

<----------- FedMIA Attack Result (mode loss) ----------->

---> True positive rate at different false positive rate: {'10': 1.0, '1': 1.0, '0.1': 0.32470334412081986, '0.02': 0.17475728155339806, '0.01': 0.1488673139158576, '0.001': 0.07335490830636461, '0.0001': 0.028047464940668825}
---> Log AUC: 0.8047

<----------- Common Attack Result (cosine attack) ----------->

---> True positive rate at different false positive rate: {'10': 1.0, '1': 1.0, '0.1': 0.14778856526429343, '0.02': 0.030204962243797196, '0.01': 0.019417475728155338, '0.001': 0.007551240560949299, '0.0001': 0.003236245954692557}
---> Log AUC: 0.6584

<----------- Common Attack Result (grad diff) ----------->

---> True positive rate at different false positive rate: {'10': 1.0, '1': 0.9989212513484358, '0.1': 0.104638619201726, '0.02': 0.017259978425026967, '0.01': 0.010787486515641856, '0.001': 0.0, '0.0001': 0.0}
---> Log AUC: 0.4164

<----------- Common Attack Result (loss based) ----------->

---> True positive rate at different false positive rate: {'10': 1.0, '1': 1.0, '0.1': 0.10679611650485436, '0.02': 0.022653721682847898, '0.01': 0.015102481121898598, '0.001': 0.0, '0.0001': 0.0}
---> Log AUC: 0.5157

<----------- Common Attack Result (grad norm) ----------->

---> True positive rate at different false positive rate: {'10': 1.0, '1': 0.9989212513484358, '0.1': 0.11003236245954692, '0.02': 0.02481121898597627, '0.01': 0.010787486515641856, '0.001': 0.0, '0.0001': 0.0}
---> Log AUC: 0.4235

==================== Attack at epoch 230 ====================

<----------- FedMIA Attack Result (mode cos) ----------->

---> True positive rate at different false positive rate: {'10': 1.0, '1': 1.0, '0.1': 0.1650485436893204, '0.02': 0.04854368932038835, '0.01': 0.032362459546925564, '0.001': 0.005393743257820928, '0.0001': 0.003236245954692557}
---> Log AUC: 0.6656

<----------- FedMIA Attack Result (mode loss) ----------->

---> True positive rate at different false positive rate: {'10': 1.0, '1': 0.9989212513484358, '0.1': 0.3365695792880259, '0.02': 0.19093851132686085, '0.01': 0.15102481121898598, '0.001': 0.08737864077669903, '0.0001': 0.02912621359223301}
---> Log AUC: 0.8099

<----------- Common Attack Result (cosine attack) ----------->

---> True positive rate at different false positive rate: {'10': 1.0, '1': 1.0, '0.1': 0.1553398058252427, '0.02': 0.06256742179072276, '0.01': 0.03559870550161812, '0.001': 0.006472491909385114, '0.0001': 0.003236245954692557}
---> Log AUC: 0.6718

<----------- Common Attack Result (grad diff) ----------->

---> True positive rate at different false positive rate: {'10': 1.0, '1': 0.9978425026968716, '0.1': 0.10787486515641856, '0.02': 0.021574973031283712, '0.01': 0.009708737864077669, '0.001': 0.0010787486515641855, '0.0001': 0.0010787486515641855}
---> Log AUC: 0.5842

<----------- Common Attack Result (loss based) ----------->

---> True positive rate at different false positive rate: {'10': 1.0, '1': 1.0, '0.1': 0.10787486515641856, '0.02': 0.023732470334412083, '0.01': 0.0010787486515641855, '0.001': 0.0, '0.0001': 0.0}
---> Log AUC: 0.4880

<----------- Common Attack Result (grad norm) ----------->

---> True positive rate at different false positive rate: {'10': 1.0, '1': 0.9978425026968716, '0.1': 0.1121898597626753, '0.02': 0.016181229773462782, '0.01': 0.006472491909385114, '0.001': 0.0010787486515641855, '0.0001': 0.0010787486515641855}
---> Log AUC: 0.5702

==================== Attack at epoch 240 ====================

<----------- FedMIA Attack Result (mode cos) ----------->

---> True positive rate at different false positive rate: {'10': 1.0, '1': 1.0, '0.1': 0.15318230852211434, '0.02': 0.032362459546925564, '0.01': 0.018338727076591153, '0.001': 0.0, '0.0001': 0.0}
---> Log AUC: 0.4283

<----------- FedMIA Attack Result (mode loss) ----------->

---> True positive rate at different false positive rate: {'10': 1.0, '1': 1.0, '0.1': 0.2923408845738943, '0.02': 0.18770226537216828, '0.01': 0.1499460625674218, '0.001': 0.0668824163969795, '0.0001': 0.0593311758360302}
---> Log AUC: 0.8217

<----------- Common Attack Result (cosine attack) ----------->

---> True positive rate at different false positive rate: {'10': 1.0, '1': 1.0, '0.1': 0.15210355987055016, '0.02': 0.045307443365695796, '0.01': 0.022653721682847898, '0.001': 0.006472491909385114, '0.0001': 0.002157497303128371}
---> Log AUC: 0.6534

<----------- Common Attack Result (grad diff) ----------->

---> True positive rate at different false positive rate: {'10': 1.0, '1': 0.9967637540453075, '0.1': 0.1111111111111111, '0.02': 0.032362459546925564, '0.01': 0.017259978425026967, '0.001': 0.002157497303128371, '0.0001': 0.0010787486515641855}
---> Log AUC: 0.6048

<----------- Common Attack Result (loss based) ----------->

---> True positive rate at different false positive rate: {'10': 1.0, '1': 1.0, '0.1': 0.11434735706580366, '0.02': 0.022653721682847898, '0.01': 0.0, '0.001': 0.0, '0.0001': 0.0}
---> Log AUC: 0.3557

<----------- Common Attack Result (grad norm) ----------->

---> True positive rate at different false positive rate: {'10': 1.0, '1': 0.9967637540453075, '0.1': 0.08737864077669903, '0.02': 0.016181229773462782, '0.01': 0.006472491909385114, '0.001': 0.0, '0.0001': 0.0}
---> Log AUC: 0.3704

==================== Attack at epoch 250 ====================

<----------- FedMIA Attack Result (mode cos) ----------->

---> True positive rate at different false positive rate: {'10': 1.0, '1': 1.0, '0.1': 0.1413160733549083, '0.02': 0.02912621359223301, '0.01': 0.008629989212513484, '0.001': 0.0, '0.0001': 0.0}
---> Log AUC: 0.4080

<----------- FedMIA Attack Result (mode loss) ----------->

---> True positive rate at different false positive rate: {'10': 1.0, '1': 1.0, '0.1': 0.2891046386192017, '0.02': 0.19741100323624594, '0.01': 0.1650485436893204, '0.001': 0.10248112189859762, '0.0001': 0.06796116504854369}
---> Log AUC: 0.8322

<----------- Common Attack Result (cosine attack) ----------->

---> True positive rate at different false positive rate: {'10': 1.0, '1': 1.0, '0.1': 0.15318230852211434, '0.02': 0.043149946062567425, '0.01': 0.02481121898597627, '0.001': 0.007551240560949299, '0.0001': 0.0010787486515641855}
---> Log AUC: 0.6368

<----------- Common Attack Result (grad diff) ----------->

---> True positive rate at different false positive rate: {'10': 1.0, '1': 0.9989212513484358, '0.1': 0.1121898597626753, '0.02': 0.034519956850053934, '0.01': 0.022653721682847898, '0.001': 0.002157497303128371, '0.0001': 0.0}
---> Log AUC: 0.4825

<----------- Common Attack Result (loss based) ----------->

---> True positive rate at different false positive rate: {'10': 1.0, '1': 1.0, '0.1': 0.11434735706580366, '0.02': 0.023732470334412083, '0.01': 0.006472491909385114, '0.001': 0.0, '0.0001': 0.0}
---> Log AUC: 0.3758

<----------- Common Attack Result (grad norm) ----------->

---> True positive rate at different false positive rate: {'10': 1.0, '1': 0.9989212513484358, '0.1': 0.09600862998921252, '0.02': 0.021574973031283712, '0.01': 0.006472491909385114, '0.001': 0.002157497303128371, '0.0001': 0.0010787486515641855}
---> Log AUC: 0.5836

==================== Attack at epoch 260 ====================

<----------- FedMIA Attack Result (mode cos) ----------->

---> True positive rate at different false positive rate: {'10': 1.0, '1': 1.0, '0.1': 0.14778856526429343, '0.02': 0.023732470334412083, '0.01': 0.011866235167206042, '0.001': 0.002157497303128371, '0.0001': 0.0}
---> Log AUC: 0.4687

<----------- FedMIA Attack Result (mode loss) ----------->

---> True positive rate at different false positive rate: {'10': 1.0, '1': 1.0, '0.1': 0.2998921251348436, '0.02': 0.1790722761596548, '0.01': 0.13915857605177995, '0.001': 0.0593311758360302, '0.0001': 0.05177993527508091}
---> Log AUC: 0.8148

<----------- Common Attack Result (cosine attack) ----------->

---> True positive rate at different false positive rate: {'10': 1.0, '1': 1.0, '0.1': 0.13807982740021574, '0.02': 0.03344120819848975, '0.01': 0.02696871628910464, '0.001': 0.005393743257820928, '0.0001': 0.0010787486515641855}
---> Log AUC: 0.6264

<----------- Common Attack Result (grad diff) ----------->

---> True positive rate at different false positive rate: {'10': 1.0, '1': 0.9989212513484358, '0.1': 0.10032362459546926, '0.02': 0.02481121898597627, '0.01': 0.012944983818770227, '0.001': 0.0010787486515641855, '0.0001': 0.0010787486515641855}
---> Log AUC: 0.5898

<----------- Common Attack Result (loss based) ----------->

---> True positive rate at different false positive rate: {'10': 1.0, '1': 1.0, '0.1': 0.11542610571736785, '0.02': 0.023732470334412083, '0.01': 0.002157497303128371, '0.001': 0.0, '0.0001': 0.0}
---> Log AUC: 0.3927

<----------- Common Attack Result (grad norm) ----------->

---> True positive rate at different false positive rate: {'10': 1.0, '1': 0.9989212513484358, '0.1': 0.08845738942826321, '0.02': 0.016181229773462782, '0.01': 0.011866235167206042, '0.001': 0.002157497303128371, '0.0001': 0.0010787486515641855}
---> Log AUC: 0.5969

==================== Attack at epoch 270 ====================

<----------- FedMIA Attack Result (mode cos) ----------->

---> True positive rate at different false positive rate: {'10': 1.0, '1': 1.0, '0.1': 0.1413160733549083, '0.02': 0.019417475728155338, '0.01': 0.009708737864077669, '0.001': 0.0010787486515641855, '0.0001': 0.0010787486515641855}
---> Log AUC: 0.5836

<----------- FedMIA Attack Result (mode loss) ----------->

---> True positive rate at different false positive rate: {'10': 1.0, '1': 1.0, '0.1': 0.3225458468176915, '0.02': 0.22653721682847897, '0.01': 0.18338727076591155, '0.001': 0.0895361380798274, '0.0001': 0.06796116504854369}
---> Log AUC: 0.8338

<----------- Common Attack Result (cosine attack) ----------->

---> True positive rate at different false positive rate: {'10': 1.0, '1': 0.9989212513484358, '0.1': 0.1262135922330097, '0.02': 0.04422869471413161, '0.01': 0.02912621359223301, '0.001': 0.010787486515641856, '0.0001': 0.0010787486515641855}
---> Log AUC: 0.6424

<----------- Common Attack Result (grad diff) ----------->

---> True positive rate at different false positive rate: {'10': 1.0, '1': 1.0, '0.1': 0.09277238403451996, '0.02': 0.018338727076591153, '0.01': 0.006472491909385114, '0.001': 0.0, '0.0001': 0.0}
---> Log AUC: 0.3719

<----------- Common Attack Result (loss based) ----------->

---> True positive rate at different false positive rate: {'10': 1.0, '1': 1.0, '0.1': 0.11434735706580366, '0.02': 0.023732470334412083, '0.01': 0.009708737864077669, '0.001': 0.0010787486515641855, '0.0001': 0.0}
---> Log AUC: 0.4629

<----------- Common Attack Result (grad norm) ----------->

---> True positive rate at different false positive rate: {'10': 1.0, '1': 1.0, '0.1': 0.10571736785329018, '0.02': 0.019417475728155338, '0.01': 0.007551240560949299, '0.001': 0.002157497303128371, '0.0001': 0.0}
---> Log AUC: 0.4589

==================== Attack at epoch 280 ====================

<----------- FedMIA Attack Result (mode cos) ----------->

---> True positive rate at different false positive rate: {'10': 1.0, '1': 1.0, '0.1': 0.12297734627831715, '0.02': 0.028047464940668825, '0.01': 0.016181229773462782, '0.001': 0.0010787486515641855, '0.0001': 0.0}
---> Log AUC: 0.4603

<----------- FedMIA Attack Result (mode loss) ----------->

---> True positive rate at different false positive rate: {'10': 1.0, '1': 1.0, '0.1': 0.2998921251348436, '0.02': 0.21251348435814454, '0.01': 0.18338727076591155, '0.001': 0.104638619201726, '0.0001': 0.03344120819848975}
---> Log AUC: 0.8119

<----------- Common Attack Result (cosine attack) ----------->

---> True positive rate at different false positive rate: {'10': 1.0, '1': 1.0, '0.1': 0.10248112189859762, '0.02': 0.03128371089536138, '0.01': 0.016181229773462782, '0.001': 0.0010787486515641855, '0.0001': 0.0010787486515641855}
---> Log AUC: 0.5981

<----------- Common Attack Result (grad diff) ----------->

---> True positive rate at different false positive rate: {'10': 1.0, '1': 1.0, '0.1': 0.09277238403451996, '0.02': 0.023732470334412083, '0.01': 0.011866235167206042, '0.001': 0.003236245954692557, '0.0001': 0.002157497303128371}
---> Log AUC: 0.6251

<----------- Common Attack Result (loss based) ----------->

---> True positive rate at different false positive rate: {'10': 1.0, '1': 1.0, '0.1': 0.10787486515641856, '0.02': 0.022653721682847898, '0.01': 0.007551240560949299, '0.001': 0.0, '0.0001': 0.0}
---> Log AUC: 0.4191

<----------- Common Attack Result (grad norm) ----------->

---> True positive rate at different false positive rate: {'10': 1.0, '1': 1.0, '0.1': 0.09492988133764833, '0.02': 0.021574973031283712, '0.01': 0.011866235167206042, '0.001': 0.0010787486515641855, '0.0001': 0.0}
---> Log AUC: 0.4539

==================== Attack at epoch 290 ====================

<----------- FedMIA Attack Result (mode cos) ----------->

---> True positive rate at different false positive rate: {'10': 1.0, '1': 1.0, '0.1': 0.13807982740021574, '0.02': 0.037756202804746494, '0.01': 0.018338727076591153, '0.001': 0.0, '0.0001': 0.0}
---> Log AUC: 0.4383

<----------- FedMIA Attack Result (mode loss) ----------->

---> True positive rate at different false positive rate: {'10': 1.0, '1': 1.0, '0.1': 0.2297734627831715, '0.02': 0.18230852211434737, '0.01': 0.16396979503775622, '0.001': 0.09924487594390508, '0.0001': 0.07874865156418555}
---> Log AUC: 0.8296

<----------- Common Attack Result (cosine attack) ----------->

---> True positive rate at different false positive rate: {'10': 1.0, '1': 1.0, '0.1': 0.1413160733549083, '0.02': 0.036677454153182305, '0.01': 0.020496224379719527, '0.001': 0.003236245954692557, '0.0001': 0.0010787486515641855}
---> Log AUC: 0.6164

<----------- Common Attack Result (grad diff) ----------->

---> True positive rate at different false positive rate: {'10': 1.0, '1': 0.9989212513484358, '0.1': 0.09169363538295577, '0.02': 0.020496224379719527, '0.01': 0.012944983818770227, '0.001': 0.0, '0.0001': 0.0}
---> Log AUC: 0.3967

<----------- Common Attack Result (loss based) ----------->

---> True positive rate at different false positive rate: {'10': 1.0, '1': 1.0, '0.1': 0.10355987055016182, '0.02': 0.025889967637540454, '0.01': 0.012944983818770227, '0.001': 0.0, '0.0001': 0.0}
---> Log AUC: 0.4213

<----------- Common Attack Result (grad norm) ----------->

---> True positive rate at different false positive rate: {'10': 1.0, '1': 0.9989212513484358, '0.1': 0.09816612729234088, '0.02': 0.018338727076591153, '0.01': 0.007551240560949299, '0.001': 0.002157497303128371, '0.0001': 0.0010787486515641855}
---> Log AUC: 0.5876

==================== Attack at epoch 300 ====================

<----------- FedMIA Attack Result (mode cos) ----------->

---> True positive rate at different false positive rate: {'10': 1.0, '1': 1.0, '0.1': 0.15965480043149946, '0.02': 0.032362459546925564, '0.01': 0.012944983818770227, '0.001': 0.002157497303128371, '0.0001': 0.0}
---> Log AUC: 0.4754

<----------- FedMIA Attack Result (mode loss) ----------->

---> True positive rate at different false positive rate: {'10': 1.0, '1': 1.0, '0.1': 0.13807982740021574, '0.02': 0.11326860841423948, '0.01': 0.10248112189859762, '0.001': 0.07659115426105717, '0.0001': 0.07011866235167206}
---> Log AUC: 0.8025

<----------- Common Attack Result (cosine attack) ----------->

---> True positive rate at different false positive rate: {'10': 1.0, '1': 1.0, '0.1': 0.11974110032362459, '0.02': 0.03559870550161812, '0.01': 0.018338727076591153, '0.001': 0.002157497303128371, '0.0001': 0.0}
---> Log AUC: 0.4571

<----------- Common Attack Result (grad diff) ----------->

---> True positive rate at different false positive rate: {'10': 1.0, '1': 0.9989212513484358, '0.1': 0.10355987055016182, '0.02': 0.025889967637540454, '0.01': 0.006472491909385114, '0.001': 0.0, '0.0001': 0.0}
---> Log AUC: 0.4150

<----------- Common Attack Result (loss based) ----------->

---> True positive rate at different false positive rate: {'10': 1.0, '1': 1.0, '0.1': 0.10248112189859762, '0.02': 0.02696871628910464, '0.01': 0.009708737864077669, '0.001': 0.0, '0.0001': 0.0}
---> Log AUC: 0.4222

<----------- Common Attack Result (grad norm) ----------->

---> True positive rate at different false positive rate: {'10': 1.0, '1': 0.9989212513484358, '0.1': 0.10355987055016182, '0.02': 0.02481121898597627, '0.01': 0.015102481121898598, '0.001': 0.0010787486515641855, '0.0001': 0.0}
---> Log AUC: 0.4694

==================== Tổng hợp kết quả các phương pháp tấn công ====================

---------- FedMIA-I (LIRA - Loss) ----------
  - Trung bình train score: 0.5610 (var: 0.0213)
  - Trung bình test score: 0.5526 (var: 0.0022)
  - TPR tại các FPR: {'10': 1.0, '1': 0.8694714131607335, '0.1': 0.4002157497303128, '0.02': 0.2998921251348436, '0.01': 0.27292340884573896, '0.001': 0.23624595469255663, '0.0001': 0.21359223300970873}
  - AUC: 0.5110, Log AUC: 0.8902

---------- FedMIA-II (LIRA - Cosine) ----------
  - Trung bình train score: 0.5308 (var: 0.0283)
  - Trung bình test score: 0.4842 (var: 0.0035)
  - TPR tại các FPR: {'10': 1.0, '1': 0.9665587918015103, '0.1': 0.39050701186623515, '0.02': 0.3225458468176915, '0.01': 0.2998921251348436, '0.001': 0.2524271844660194, '0.0001': 0.19633225458468176}
  - AUC: 0.5292, Log AUC: 0.8909

---------- Grad-Cosine (Trung bình) ----------
  - Trung bình train score: 0.0041 (var: 0.0004)
  - Trung bình test score: -0.0010 (var: 0.0001)
  - TPR tại các FPR: {'10': 1.0, '1': 0.9773462783171522, '0.1': 0.36893203883495146, '0.02': 0.3106796116504854, '0.01': 0.2783171521035599, '0.001': 0.20388349514563106, '0.0001': 0.1553398058252427}
  - AUC: 0.5338, Log AUC: 0.8794

---------- Grad-Diff (Trung bình) ----------
  - Trung bình train score: -565.3166 (var: 563836.5870)
  - Trung bình test score: -544.3439 (var: 88972.7420)
  - TPR tại các FPR: {'10': 1.0, '1': 0.9665587918015103, '0.1': 0.37216828478964403, '0.02': 0.23516720604099245, '0.01': 0.20064724919093851, '0.001': 0.14563106796116504, '0.0001': 0.06903991370010787}
  - AUC: 0.6063, Log AUC: 0.8472

---------- Grad-Norm (Trung bình) ----------
  - Trung bình train score: 565.6570 (var: 564813.7954)
  - Trung bình test score: 544.3721 (var: 88974.8303)
  - TPR tại các FPR: {'10': 1.0, '1': 0.9309600862998921, '0.1': 0.16936353829557713, '0.02': 0.104638619201726, '0.01': 0.08845738942826321, '0.001': 0.0593311758360302, '0.0001': 0.03344120819848975}
  - AUC: 0.3937, Log AUC: 0.7839

---------- Blackbox-Loss (Trung bình) ----------
  - Trung bình train score: -0.1920 (var: 0.1323)
  - Trung bình test score: -0.4053 (var: 0.1477)
  - TPR tại các FPR: {'10': 1.0, '1': 1.0, '0.1': 0.674217907227616, '0.02': 0.5436893203883495, '0.01': 0.5124056094929881, '0.001': 0.41423948220064727, '0.0001': 0.36785329018338725}
  - AUC: 0.8007, Log AUC: 0.9389

