{
    "avg_d": {
        "cosine attack": {
            "10": 1.0,
            "1": 0.9773462783171522,
            "0.1": 0.36893203883495146,
            "0.02": 0.3106796116504854,
            "0.01": 0.2783171521035599,
            "0.001": 0.20388349514563106,
            "0.0001": 0.1553398058252427
        },
        "grad diff": {
            "10": 1.0,
            "1": 0.9665587918015103,
            "0.1": 0.37216828478964403,
            "0.02": 0.23516720604099245,
            "0.01": 0.20064724919093851,
            "0.001": 0.14563106796116504,
            "0.0001": 0.06903991370010787
        },
        "loss based": {
            "10": 1.0,
            "1": 1.0,
            "0.1": 0.674217907227616,
            "0.02": 0.5436893203883495,
            "0.01": 0.5124056094929881,
            "0.001": 0.41423948220064727,
            "0.0001": 0.36785329018338725
        },
        "grad norm": {
            "10": 1.0,
            "1": 0.9309600862998921,
            "0.1": 0.16936353829557713,
            "0.02": 0.104638619201726,
            "0.01": 0.08845738942826321,
            "0.001": 0.0593311758360302,
            "0.0001": 0.03344120819848975
        },
        "lira": {
            "10": 1.0,
            "1": 0.9665587918015103,
            "0.1": 0.39050701186623515,
            "0.02": 0.3225458468176915,
            "0.01": 0.2998921251348436,
            "0.001": 0.2524271844660194,
            "0.0001": 0.19633225458468176
        },
        "lira_loss": {
            "10": 1.0,
            "1": 0.8694714131607335,
            "0.1": 0.4002157497303128,
            "0.02": 0.2998921251348436,
            "0.01": 0.27292340884573896,
            "0.001": 0.23624595469255663,
            "0.0001": 0.21359223300970873
        }
    },
    "single_score": {
        "cosine attack": 0.010787486515641856,
        "grad diff": 0.005393743257820928,
        "loss based": 0.0010787486515641855,
        "grad norm": 0.005393743257820928,
        "lira": 0.009708737864077669,
        "lira_loss": 0.104638619201726,
        "single cosine attack_auc": 0.5438719085860402,
        "single grad diff_auc": 0.5159982420392345,
        "single loss based_auc": 0.513371773871913,
        "single grad norm_auc": 0.49160054336969117,
        "single lira_auc": 0.5572971353230253,
        "single lira_loss_auc": 0.494639001841084,
        "200 cosine attack": 0.003236245954692557,
        "200 single_cosine attack_auc": 0.5554892324903112,
        "200 grad diff": 0.002157497303128371,
        "200 single_grad diff_auc": 0.4990752726836869,
        "200 loss based": 0.0,
        "200 single_loss based_auc": 0.5192079438874098,
        "200 grad norm": 0.003236245954692557,
        "200 single_grad norm_auc": 0.4961764353350113,
        "200 lira": 0.002157497303128371,
        "200 single_lira_auc": 0.5696559990411123,
        "200 lira_loss": 0.043149946062567425,
        "200 single_lira_loss_auc": 0.499761954168635
    },
    "other_scores": {
        "loss_single_epch_score": {
            "10": 1.0,
            "1": 1.0,
            "0.1": 0.12081984897518878,
            "0.02": 0.019417475728155338,
            "0.01": 0.019417475728155338,
            "0.001": 0.0,
            "0.0001": 0.0
        },
        "loss_single_auc": [
            0.5296878472268212,
            0.5229952152109772
        ],
        "lira_loss_auc": [
            0.5110167022079763,
            0.8902015142372496
        ],
        "lira_auc": [
            0.5292173079228095,
            0.8908788291451138
        ],
        "cos_attack_auc": [
            0.5337728235247112,
            0.8793618179677781
        ],
        "grad_diff_auc": [
            0.6063222661712414,
            0.8471585729405666
        ],
        "grad_norm_auc": [
            0.39374965040552956,
            0.7839040475688055
        ],
        "loss_based_auc": [
            0.8007309883427448,
            0.9388815516368797
        ]
    },
    "accs": [
        0.8176724137931034,
        0.8176724137931034,
        0.8181034482758621,
        0.8176724137931034,
        0.8172413793103448,
        0.8176724137931034,
        0.8176724137931034,
        0.8172413793103448,
        0.8176724137931034,
        0.8172413793103448
    ]
}